<?xml version="1.0" encoding="UTF-8"?>
<testsuites name="TestSuite-1" time="47.903" tests="3" failures="0" errors="0">
   <testsuite name="TestSuite-1" tests="3" failures="0" errors="0" time="47.903" skipped="0" timestamp="31-07-2024T14:50:24" hostname="10685520 - 7Z54S93" id="Test Suites/TestSuite-1">
      <properties>
         <property name="deviceName" value=""/>
         <property name="devicePlatform"/>
         <property name="logFolder" value="C:\\Users\\10685520\\OneDrive - LTIMindtree\\KT\\Katalon Studio\\SampleWebTest1\\Reports\\20240731_145015\\TestSuite-1\\20240731_145015"/>
         <property name="logFiles" value="C:\\Users\\10685520\\OneDrive - LTIMindtree\\KT\\Katalon Studio\\SampleWebTest1\\Reports\\20240731_145015\\TestSuite-1\\20240731_145015\\execution0.log"/>
         <property name="attachments" value=""/>
         <property name="hostName" value="10685520 - 7Z54S93"/>
         <property name="os" value="Windows 11 64bit"/>
         <property name="katalonVersion" value="9.6.0.217"/>
         <property name="browser" value="Chrome 127.0.0.0"/>
         <property name="hostAddress" value="192.168.1.6"/>
         <property name="sessionId" value="8e0ca27550e9fe1369a25523ea0af8e0"/>
         <property name="seleniumVersion" value="3.141.59"/>
         <property name="proxyInformation" value="ProxyInformation { proxyOption=NO_PROXY, proxyServerType=HTTP, username=, password=********, proxyServerAddress=, proxyServerPort=0, executionList=&quot;&quot;, isApplyToDesiredCapabilities=true }"/>
         <property name="platform" value="Windows 11"/>
      </properties>
      <testcase name="Test Cases/TestCase-11-expandTesting-login" time="22.87" classname="Test Cases/TestCase-11-expandTesting-login" status="PASSED">
         <system-out><![CDATA[31-07-2024T14:50:24 - [TEST_CASE][PASSED] - Test Cases/TestCase-11-expandTesting-login: Test Cases/TestCase-11-expandTesting-login

31-07-2024T14:50:24 - [TEST_STEP][PASSED] - openBrowser(""): Browser is opened with url: ''

31-07-2024T14:50:25 - [MESSAGE][INFO] - Starting 'Chrome' driver

31-07-2024T14:50:25 - [MESSAGE][INFO] - Action delay is set to 0 milliseconds

31-07-2024T14:50:27 - [MESSAGE][PASSED] - Browser is opened with url: ''

31-07-2024T14:50:27 - [TEST_STEP][PASSED] - navigateToUrl("https://practice.expandtesting.com/login"): Navigate to 'https://practice.expandtesting.com/login' successfully

31-07-2024T14:50:33 - [MESSAGE][PASSED] - Navigate to 'https://practice.expandtesting.com/login' successfully

31-07-2024T14:50:33 - [TEST_STEP][PASSED] - setText(findTestObject("Object Repository/login4/Page_Login form page for Automation Testing_eea870/input_Username_username"), username): Text 'practice' is set on object 'Object Repository/login4/Page_Login form page for Automation Testing_eea870/input_Username_username'

31-07-2024T14:50:35 - [MESSAGE][PASSED] - Text 'practice' is set on object 'Object Repository/login4/Page_Login form page for Automation Testing_eea870/input_Username_username'

31-07-2024T14:50:35 - [TEST_STEP][PASSED] - setText(findTestObject("Object Repository/login4/Page_Login form page for Automation Testing_eea870/input_Password_password"), password): Text 'SuperSecretPassword!' is set on object 'Object Repository/login4/Page_Login form page for Automation Testing_eea870/input_Password_password'

31-07-2024T14:50:36 - [MESSAGE][PASSED] - Text 'SuperSecretPassword!' is set on object 'Object Repository/login4/Page_Login form page for Automation Testing_eea870/input_Password_password'

31-07-2024T14:50:36 - [TEST_STEP][PASSED] - click(findTestObject("Object Repository/login4/Page_Login form page for Automation Testing_eea870/button_Login")): Object: 'Object Repository/login4/Page_Login form page for Automation Testing_eea870/button_Login' is clicked on

31-07-2024T14:50:45 - [MESSAGE][PASSED] - Object: 'Object Repository/login4/Page_Login form page for Automation Testing_eea870/button_Login' is clicked on

31-07-2024T14:50:45 - [TEST_STEP][PASSED] - verifyElementVisible(findTestObject("login4/Page_Login form page for Automation Testing Practice/b_Your username is invalid")): Object 'Object Repository/login4/Page_Login form page for Automation Testing Practice/b_Your username is invalid' is visible

31-07-2024T14:50:46 - [MESSAGE][PASSED] - Object 'Object Repository/login4/Page_Login form page for Automation Testing Practice/b_Your username is invalid' is visible

31-07-2024T14:50:46 - [TEST_STEP][PASSED] - closeBrowser(): Browser is closed

31-07-2024T14:50:47 - [MESSAGE][PASSED] - Browser is closed]]></system-out>
         <system-err><![CDATA[]]></system-err>
      </testcase>
      <testcase name="Test Cases/TestCase-14-expandTesting-pass" time="9.984" classname="Test Cases/TestCase-14-expandTesting-pass" status="PASSED">
         <system-out><![CDATA[31-07-2024T14:50:47 - [TEST_CASE][PASSED] - Test Cases/TestCase-14-expandTesting-pass: Test Cases/TestCase-14-expandTesting-pass

31-07-2024T14:50:47 - [TEST_STEP][PASSED] - openBrowser(""): Browser is opened with url: ''

31-07-2024T14:50:47 - [MESSAGE][INFO] - Starting 'Chrome' driver

31-07-2024T14:50:47 - [MESSAGE][INFO] - Action delay is set to 0 milliseconds

31-07-2024T14:50:48 - [MESSAGE][PASSED] - Browser is opened with url: ''

31-07-2024T14:50:48 - [TEST_STEP][PASSED] - navigateToUrl("https://practice.expandtesting.com/secure-password-checker"): Navigate to 'https://practice.expandtesting.com/secure-password-checker' successfully

31-07-2024T14:50:52 - [MESSAGE][PASSED] - Navigate to 'https://practice.expandtesting.com/secure-password-checker' successfully

31-07-2024T14:50:52 - [TEST_STEP][PASSED] - setText(findTestObject("passwordchecker/Page_Secure Password Checker page for Automation Testing Practice/input_Password_password"), "Dsil12Dsil"): Text 'Dsil12Dsil' is set on object 'Object Repository/passwordchecker/Page_Secure Password Checker page for Automation Testing Practice/input_Password_password'

31-07-2024T14:50:54 - [MESSAGE][PASSED] - Text 'Dsil12Dsil' is set on object 'Object Repository/passwordchecker/Page_Secure Password Checker page for Automation Testing Practice/input_Password_password'

31-07-2024T14:50:54 - [TEST_STEP][PASSED] - verifyElementNotVisible(findTestObject("passwordchecker/Page_Secure Password Checker page for Automation Testing Practice/li_Must be at least 8 characters long")): Object 'Object Repository/passwordchecker/Page_Secure Password Checker page for Automation Testing Practice/li_Must be at least 8 characters long' is NOT visible

31-07-2024T14:50:55 - [MESSAGE][PASSED] - Object 'Object Repository/passwordchecker/Page_Secure Password Checker page for Automation Testing Practice/li_Must be at least 8 characters long' is NOT visible

31-07-2024T14:50:55 - [TEST_STEP][PASSED] - verifyElementNotVisible(findTestObject("passwordchecker/Page_Secure Password Checker page for Automation Testing Practice/li_Must contain a lowercase letter")): Object 'Object Repository/passwordchecker/Page_Secure Password Checker page for Automation Testing Practice/li_Must contain a lowercase letter' is NOT visible

31-07-2024T14:50:55 - [MESSAGE][PASSED] - Object 'Object Repository/passwordchecker/Page_Secure Password Checker page for Automation Testing Practice/li_Must contain a lowercase letter' is NOT visible

31-07-2024T14:50:55 - [TEST_STEP][PASSED] - verifyElementNotVisible(findTestObject("passwordchecker/Page_Secure Password Checker page for Automation Testing Practice/li_Must contain a number or special character")): Object 'Object Repository/passwordchecker/Page_Secure Password Checker page for Automation Testing Practice/li_Must contain a number or special character' is NOT visible

31-07-2024T14:50:56 - [MESSAGE][PASSED] - Object 'Object Repository/passwordchecker/Page_Secure Password Checker page for Automation Testing Practice/li_Must contain a number or special character' is NOT visible

31-07-2024T14:50:56 - [TEST_STEP][PASSED] - verifyElementNotVisible(findTestObject("passwordchecker/Page_Secure Password Checker page for Automation Testing Practice/li_Must contain an uppercase letter")): Object 'Object Repository/passwordchecker/Page_Secure Password Checker page for Automation Testing Practice/li_Must contain an uppercase letter' is NOT visible

31-07-2024T14:50:56 - [MESSAGE][PASSED] - Object 'Object Repository/passwordchecker/Page_Secure Password Checker page for Automation Testing Practice/li_Must contain an uppercase letter' is NOT visible

31-07-2024T14:50:56 - [TEST_STEP][PASSED] - closeBrowser(): Browser is closed

31-07-2024T14:50:57 - [MESSAGE][PASSED] - Browser is closed]]></system-out>
         <system-err><![CDATA[]]></system-err>
      </testcase>
      <testcase name="Test Cases/TestCase-12-expandTesting-contact" time="14.732" classname="Test Cases/TestCase-12-expandTesting-contact" status="PASSED">
         <system-out><![CDATA[31-07-2024T14:50:57 - [TEST_CASE][PASSED] - Test Cases/TestCase-12-expandTesting-contact: Test Cases/TestCase-12-expandTesting-contact

31-07-2024T14:50:57 - [TEST_STEP][PASSED] - openBrowser(""): Browser is opened with url: ''

31-07-2024T14:50:57 - [MESSAGE][INFO] - Starting 'Chrome' driver

31-07-2024T14:50:57 - [MESSAGE][INFO] - Action delay is set to 0 milliseconds

31-07-2024T14:50:58 - [MESSAGE][PASSED] - Browser is opened with url: ''

31-07-2024T14:50:58 - [TEST_STEP][PASSED] - navigateToUrl("https://practice.expandtesting.com/contact"): Navigate to 'https://practice.expandtesting.com/contact' successfully

31-07-2024T14:51:01 - [MESSAGE][PASSED] - Navigate to 'https://practice.expandtesting.com/contact' successfully

31-07-2024T14:51:01 - [TEST_STEP][PASSED] - setText(findTestObject("Object Repository/Contact1/Page_Contact form page for Automation Testi_fb6edd/input_Name_form-control"), "dom@gmail.com"): Text 'dom@gmail.com' is set on object 'Object Repository/Contact1/Page_Contact form page for Automation Testi_fb6edd/input_Name_form-control'

31-07-2024T14:51:03 - [MESSAGE][PASSED] - Text 'dom@gmail.com' is set on object 'Object Repository/Contact1/Page_Contact form page for Automation Testi_fb6edd/input_Name_form-control'

31-07-2024T14:51:03 - [TEST_STEP][PASSED] - setText(findTestObject("Object Repository/Contact1/Page_Contact form page for Automation Testi_fb6edd/textarea_You message_address"), "dom sil"): Text 'dom sil' is set on object 'Object Repository/Contact1/Page_Contact form page for Automation Testi_fb6edd/textarea_You message_address'

31-07-2024T14:51:04 - [MESSAGE][PASSED] - Text 'dom sil' is set on object 'Object Repository/Contact1/Page_Contact form page for Automation Testi_fb6edd/textarea_You message_address'

31-07-2024T14:51:04 - [TEST_STEP][PASSED] - click(findTestObject("Object Repository/Contact1/Page_Contact form page for Automation Testi_fb6edd/a_Send")): Object: 'Object Repository/Contact1/Page_Contact form page for Automation Testi_fb6edd/a_Send' is clicked on

31-07-2024T14:51:11 - [MESSAGE][PASSED] - Object: 'Object Repository/Contact1/Page_Contact form page for Automation Testi_fb6edd/a_Send' is clicked on

31-07-2024T14:51:11 - [TEST_STEP][PASSED] - closeBrowser(): Browser is closed

31-07-2024T14:51:12 - [MESSAGE][PASSED] - Browser is closed]]></system-out>
         <system-err><![CDATA[]]></system-err>
      </testcase>
      <system-out><![CDATA[31-07-2024T14:50:24 - [TEST_SUITE][PASSED] - TestSuite-1: Test Cases/TestCase-12-expandTesting-contact]]></system-out>
      <system-err><![CDATA[]]></system-err>
   </testsuite>
</testsuites>
