<?xml version="1.0" encoding="UTF-8"?>
<testsuites name="TS-9-globalsqa-1" time="30.019" tests="2" failures="0" errors="0">
   <testsuite name="TS-9-globalsqa-1" tests="2" failures="0" errors="0" time="30.019" skipped="0" timestamp="02-08-2024T14:12:46" hostname="10685520 - 10.202.112.43" id="Test Suites/TS-9-globalsqa-1">
      <properties>
         <property name="deviceName" value=""/>
         <property name="devicePlatform"/>
         <property name="logFolder" value="C:\\Users\\10685520\\OneDrive - LTIMindtree\\KT\\Katalon Studio\\SampleWebTest1\\Reports\\20240802_141239\\TS-9-globalsqa-1\\20240802_141239"/>
         <property name="logFiles" value="C:\\Users\\10685520\\OneDrive - LTIMindtree\\KT\\Katalon Studio\\SampleWebTest1\\Reports\\20240802_141239\\TS-9-globalsqa-1\\20240802_141239\\execution0.log"/>
         <property name="attachments" value=""/>
         <property name="hostName" value="10685520 - 10.202.112.43"/>
         <property name="os" value="Windows 11 64bit"/>
         <property name="katalonVersion" value="9.6.0.217"/>
         <property name="browser" value="Chrome 127.0.0.0"/>
         <property name="hostAddress" value="10.202.112.43"/>
         <property name="sessionId" value="37b0f5d7ccbca2e11e9ff8308b23df25"/>
         <property name="seleniumVersion" value="3.141.59"/>
         <property name="proxyInformation" value="ProxyInformation { proxyOption=NO_PROXY, proxyServerType=HTTP, username=, password=********, proxyServerAddress=, proxyServerPort=0, executionList=&quot;&quot;, isApplyToDesiredCapabilities=true }"/>
         <property name="platform" value="Windows 11"/>
      </properties>
      <testcase name="Test Cases/TC-24-globalsqa-banking" time="11.397" classname="Test Cases/TC-24-globalsqa-banking" status="PASSED">
         <system-out><![CDATA[02-08-2024T14:12:46 - [TEST_CASE][PASSED] - Test Cases/TC-24-globalsqa-banking: Test Cases/TC-24-globalsqa-banking

02-08-2024T14:12:46 - [TEST_STEP][PASSED] - openBrowser(""): Browser is opened with url: ''

02-08-2024T14:12:47 - [MESSAGE][INFO] - Starting 'Chrome' driver

02-08-2024T14:12:47 - [MESSAGE][INFO] - Action delay is set to 0 milliseconds

02-08-2024T14:12:49 - [MESSAGE][PASSED] - Browser is opened with url: ''

02-08-2024T14:12:49 - [TEST_STEP][PASSED] - navigateToUrl("https://www.globalsqa.com/angularJs-protractor/BankingProject/#/login"): Navigate to 'https://www.globalsqa.com/angularJs-protractor/BankingProject/#/login' successfully

02-08-2024T14:12:51 - [MESSAGE][PASSED] - Navigate to 'https://www.globalsqa.com/angularJs-protractor/BankingProject/#/login' successfully

02-08-2024T14:12:51 - [TEST_STEP][PASSED] - click(findTestObject("Object Repository/TC-24/Page_XYZ Bank/button_Customer Login")): Object: 'Object Repository/TC-24/Page_XYZ Bank/button_Customer Login' is clicked on

02-08-2024T14:12:53 - [MESSAGE][PASSED] - Object: 'Object Repository/TC-24/Page_XYZ Bank/button_Customer Login' is clicked on

02-08-2024T14:12:53 - [TEST_STEP][PASSED] - selectOptionByValue(findTestObject("Object Repository/TC-24/Page_XYZ Bank/select_---Your Name---       Hermoine Grang_6e895b"), "1", true): All options with value '1' are selected in object 'Object Repository/TC-24/Page_XYZ Bank/select_---Your Name---       Hermoine Grang_6e895b'  using regular expression

02-08-2024T14:12:55 - [MESSAGE][PASSED] - All options with value '1' are selected in object 'Object Repository/TC-24/Page_XYZ Bank/select_---Your Name---       Hermoine Grang_6e895b'  using regular expression

02-08-2024T14:12:55 - [TEST_STEP][PASSED] - click(findTestObject("Object Repository/TC-24/Page_XYZ Bank/button_Login")): Object: 'Object Repository/TC-24/Page_XYZ Bank/button_Login' is clicked on

02-08-2024T14:12:55 - [MESSAGE][PASSED] - Object: 'Object Repository/TC-24/Page_XYZ Bank/button_Login' is clicked on

02-08-2024T14:12:55 - [TEST_STEP][PASSED] - click(findTestObject("Object Repository/TC-24/Page_XYZ Bank/button_Transactions")): Object: 'Object Repository/TC-24/Page_XYZ Bank/button_Transactions' is clicked on

02-08-2024T14:12:56 - [MESSAGE][PASSED] - Object: 'Object Repository/TC-24/Page_XYZ Bank/button_Transactions' is clicked on

02-08-2024T14:12:56 - [TEST_STEP][PASSED] - verifyElementText(findTestObject("Object Repository/TC-24/Page_XYZ Bank/td_30"), "30"): Actual text and expected text of test object 'Object Repository/TC-24/Page_XYZ Bank/td_30' are matched.

02-08-2024T14:12:57 - [MESSAGE][PASSED] - Actual text and expected text of test object 'Object Repository/TC-24/Page_XYZ Bank/td_30' are matched.

02-08-2024T14:12:57 - [TEST_STEP][PASSED] - click(findTestObject("Object Repository/TC-24/Page_XYZ Bank/button_Logout")): Object: 'Object Repository/TC-24/Page_XYZ Bank/button_Logout' is clicked on

02-08-2024T14:12:57 - [MESSAGE][PASSED] - Object: 'Object Repository/TC-24/Page_XYZ Bank/button_Logout' is clicked on

02-08-2024T14:12:57 - [TEST_STEP][PASSED] - closeBrowser(): Browser is closed

02-08-2024T14:12:57 - [MESSAGE][PASSED] - Browser is closed]]></system-out>
         <system-err><![CDATA[]]></system-err>
      </testcase>
      <testcase name="Test Cases/TC-25-globalsqa-samplepagetest" time="18.386" classname="Test Cases/TC-25-globalsqa-samplepagetest" status="PASSED">
         <system-out><![CDATA[02-08-2024T14:12:58 - [TEST_CASE][PASSED] - Test Cases/TC-25-globalsqa-samplepagetest: Test Cases/TC-25-globalsqa-samplepagetest

02-08-2024T14:12:58 - [TEST_STEP][PASSED] - openBrowser(""): Browser is opened with url: ''

02-08-2024T14:12:58 - [MESSAGE][INFO] - Starting 'Chrome' driver

02-08-2024T14:12:58 - [MESSAGE][INFO] - Action delay is set to 0 milliseconds

02-08-2024T14:12:59 - [MESSAGE][PASSED] - Browser is opened with url: ''

02-08-2024T14:12:59 - [TEST_STEP][PASSED] - navigateToUrl("https://www.globalsqa.com/samplepagetest/"): Navigate to 'https://www.globalsqa.com/samplepagetest/' successfully

02-08-2024T14:13:02 - [MESSAGE][PASSED] - Navigate to 'https://www.globalsqa.com/samplepagetest/' successfully

02-08-2024T14:13:02 - [TEST_STEP][PASSED] - namedata = sample1.enterdata("name"): null

02-08-2024T14:13:02 - [TEST_STEP][PASSED] - setText(findTestObject("Object Repository/TC-25/Page_Sample Page Test - GlobalSQA/input_(required)_g2599-name"), namedata): Text 'dom' is set on object 'Object Repository/TC-25/Page_Sample Page Test - GlobalSQA/input_(required)_g2599-name'

02-08-2024T14:13:04 - [MESSAGE][PASSED] - Text 'dom' is set on object 'Object Repository/TC-25/Page_Sample Page Test - GlobalSQA/input_(required)_g2599-name'

02-08-2024T14:13:04 - [TEST_STEP][PASSED] - setText(findTestObject("Object Repository/TC-25/Page_Sample Page Test - GlobalSQA/input_(required)_g2599-email"), "sil@as.com"): Text 'sil@as.com' is set on object 'Object Repository/TC-25/Page_Sample Page Test - GlobalSQA/input_(required)_g2599-email'

02-08-2024T14:13:05 - [MESSAGE][PASSED] - Text 'sil@as.com' is set on object 'Object Repository/TC-25/Page_Sample Page Test - GlobalSQA/input_(required)_g2599-email'

02-08-2024T14:13:05 - [TEST_STEP][PASSED] - selectOptionByValue(findTestObject("Object Repository/TC-25/Page_Sample Page Test - GlobalSQA/select_0-11-33-55-77-1010"), "1-3", true): All options with value '1-3' are selected in object 'Object Repository/TC-25/Page_Sample Page Test - GlobalSQA/select_0-11-33-55-77-1010'  using regular expression

02-08-2024T14:13:06 - [MESSAGE][PASSED] - All options with value '1-3' are selected in object 'Object Repository/TC-25/Page_Sample Page Test - GlobalSQA/select_0-11-33-55-77-1010'  using regular expression

02-08-2024T14:13:06 - [TEST_STEP][PASSED] - click(findTestObject("Object Repository/TC-25/Page_Sample Page Test - GlobalSQA/input_Automation Testing_g2599-expertise")): Object: 'Object Repository/TC-25/Page_Sample Page Test - GlobalSQA/input_Automation Testing_g2599-expertise' is clicked on

02-08-2024T14:13:06 - [MESSAGE][PASSED] - Object: 'Object Repository/TC-25/Page_Sample Page Test - GlobalSQA/input_Automation Testing_g2599-expertise' is clicked on

02-08-2024T14:13:06 - [TEST_STEP][PASSED] - click(findTestObject("Object Repository/TC-25/Page_Sample Page Test - GlobalSQA/input_Automation Testing_g2599-expertise")): Object: 'Object Repository/TC-25/Page_Sample Page Test - GlobalSQA/input_Automation Testing_g2599-expertise' is clicked on

02-08-2024T14:13:07 - [MESSAGE][PASSED] - Object: 'Object Repository/TC-25/Page_Sample Page Test - GlobalSQA/input_Automation Testing_g2599-expertise' is clicked on

02-08-2024T14:13:07 - [TEST_STEP][PASSED] - click(findTestObject("Object Repository/TC-25/Page_Sample Page Test - GlobalSQA/label_Graduate")): Object: 'Object Repository/TC-25/Page_Sample Page Test - GlobalSQA/label_Graduate' is clicked on

02-08-2024T14:13:07 - [MESSAGE][PASSED] - Object: 'Object Repository/TC-25/Page_Sample Page Test - GlobalSQA/label_Graduate' is clicked on

02-08-2024T14:13:07 - [TEST_STEP][PASSED] - click(findTestObject("Object Repository/TC-25/Page_Sample Page Test - GlobalSQA/button_Alert Box  Click Here")): Object: 'Object Repository/TC-25/Page_Sample Page Test - GlobalSQA/button_Alert Box  Click Here' is clicked on

02-08-2024T14:13:07 - [MESSAGE][PASSED] - Object: 'Object Repository/TC-25/Page_Sample Page Test - GlobalSQA/button_Alert Box  Click Here' is clicked on

02-08-2024T14:13:07 - [TEST_STEP][PASSED] - setText(findTestObject("Object Repository/TC-25/Page_Sample Page Test - GlobalSQA/textarea_(required)_g2599-comment"), "hello"): Text 'hello' is set on object 'Object Repository/TC-25/Page_Sample Page Test - GlobalSQA/textarea_(required)_g2599-comment'

02-08-2024T14:13:07 - [MESSAGE][WARNING] - [SELF-HEALING] Failed to find element with id 'Object Repository/TC-25/Page_Sample Page Test - GlobalSQA/textarea_(required)_g2599-comment'. Try using Self-healing.

02-08-2024T14:13:08 - [MESSAGE][WARNING] - [SELF-HEALING] The current locator of test object 'Object Repository/TC-25/Page_Sample Page Test - GlobalSQA/textarea_(required)_g2599-comment' was broken. Propose an alternative one: '//textarea[@id='contact-form-comment-g2599-comment']'.

02-08-2024T14:13:08 - [MESSAGE][PASSED] - Text 'hello' is set on object 'Object Repository/TC-25/Page_Sample Page Test - GlobalSQA/textarea_(required)_g2599-comment'

02-08-2024T14:13:08 - [TEST_STEP][PASSED] - click(findTestObject("Object Repository/TC-25/Page_Sample Page Test - GlobalSQA/button_Submit")): Object: 'Object Repository/TC-25/Page_Sample Page Test - GlobalSQA/button_Submit' is clicked on

02-08-2024T14:13:15 - [MESSAGE][PASSED] - Object: 'Object Repository/TC-25/Page_Sample Page Test - GlobalSQA/button_Submit' is clicked on

02-08-2024T14:13:15 - [TEST_STEP][PASSED] - closeBrowser(STOP_ON_FAILURE): Browser is closed

02-08-2024T14:13:16 - [MESSAGE][PASSED] - Browser is closed]]></system-out>
         <system-err><![CDATA[]]></system-err>
      </testcase>
      <system-out><![CDATA[02-08-2024T14:12:46 - [TEST_SUITE][PASSED] - TS-9-globalsqa-1: Test Cases/TC-25-globalsqa-samplepagetest]]></system-out>
      <system-err><![CDATA[]]></system-err>
   </testsuite>
</testsuites>
