<?xml version="1.0" encoding="UTF-8"?>
<testsuites name="forms1" time="61.179" tests="2" failures="0" errors="0">
   <testsuite name="forms1" tests="2" failures="0" errors="0" time="61.179" skipped="0" timestamp="26-07-2024T17:29:45" hostname="10685520 - 7Z54S93" id="Test Suites/forms1">
      <properties>
         <property name="deviceName" value=""/>
         <property name="devicePlatform"/>
         <property name="logFolder" value="C:\\Users\\10685520\\Katalon Studio\\SampleWebTest1\\Reports\\20240726_172938\\forms1\\20240726_172938"/>
         <property name="logFiles" value="C:\\Users\\10685520\\Katalon Studio\\SampleWebTest1\\Reports\\20240726_172938\\forms1\\20240726_172938\\execution0.log"/>
         <property name="attachments" value=""/>
         <property name="hostName" value="10685520 - 7Z54S93"/>
         <property name="os" value="Windows 11 64bit"/>
         <property name="katalonVersion" value="9.6.0.217"/>
         <property name="browser" value="Chrome 126.0.0.0"/>
         <property name="hostAddress" value="192.168.1.5"/>
         <property name="sessionId" value="29b47e7dc2bed18257ed2d24e9ce8b31"/>
         <property name="seleniumVersion" value="3.141.59"/>
         <property name="proxyInformation" value="ProxyInformation { proxyOption=NO_PROXY, proxyServerType=HTTP, username=, password=********, proxyServerAddress=, proxyServerPort=0, executionList=&quot;&quot;, isApplyToDesiredCapabilities=true }"/>
         <property name="platform" value="Windows 11"/>
      </properties>
      <testcase name="Test Cases/TestCase3/Register" time="50.316" classname="Test Cases/TestCase3/Register" status="PASSED">
         <system-out><![CDATA[26-07-2024T17:29:45 - [TEST_CASE][PASSED] - Test Cases/TestCase3/Register: Test Cases/TestCase3/Register

26-07-2024T17:29:45 - [TEST_STEP][PASSED] - openBrowser(""): Browser is opened with url: ''

26-07-2024T17:29:46 - [MESSAGE][INFO] - Starting 'Chrome' driver

26-07-2024T17:29:46 - [MESSAGE][INFO] - Action delay is set to 0 milliseconds

26-07-2024T17:29:48 - [MESSAGE][PASSED] - Browser is opened with url: ''

26-07-2024T17:29:48 - [TEST_STEP][PASSED] - navigateToUrl("https://demo.automationtesting.in/Register.html"): Navigate to 'https://demo.automationtesting.in/Register.html' successfully

26-07-2024T17:29:50 - [MESSAGE][PASSED] - Navigate to 'https://demo.automationtesting.in/Register.html' successfully

26-07-2024T17:29:50 - [TEST_STEP][PASSED] - setText(findTestObject("Object Repository/Register1/Page_Register/input_Full Name_form-control ng-pristine ng_10dee7"), "Dom"): Text 'Dom' is set on object 'Object Repository/Register1/Page_Register/input_Full Name_form-control ng-pristine ng_10dee7'

26-07-2024T17:30:11 - [MESSAGE][PASSED] - Text 'Dom' is set on object 'Object Repository/Register1/Page_Register/input_Full Name_form-control ng-pristine ng_10dee7'

26-07-2024T17:30:11 - [TEST_STEP][PASSED] - setText(findTestObject("Object Repository/Register1/Page_Register/input_Full Name_form-control ng-untouched n_438cb8"), "Sil"): Text 'Sil' is set on object 'Object Repository/Register1/Page_Register/input_Full Name_form-control ng-untouched n_438cb8'

26-07-2024T17:30:12 - [MESSAGE][PASSED] - Text 'Sil' is set on object 'Object Repository/Register1/Page_Register/input_Full Name_form-control ng-untouched n_438cb8'

26-07-2024T17:30:12 - [TEST_STEP][PASSED] - setText(findTestObject("Object Repository/Register1/Page_Register/textarea_Address_form-control ng-untouched _b1abf7"), "Nav CHS"): Text 'Nav CHS' is set on object 'Object Repository/Register1/Page_Register/textarea_Address_form-control ng-untouched _b1abf7'

26-07-2024T17:30:13 - [MESSAGE][PASSED] - Text 'Nav CHS' is set on object 'Object Repository/Register1/Page_Register/textarea_Address_form-control ng-untouched _b1abf7'

26-07-2024T17:30:13 - [TEST_STEP][PASSED] - setText(findTestObject("Object Repository/Register1/Page_Register/input_Email address_form-control ng-untouch_b58296"), "dsil@gmail.com"): Text 'dsil@gmail.com' is set on object 'Object Repository/Register1/Page_Register/input_Email address_form-control ng-untouch_b58296'

26-07-2024T17:30:14 - [MESSAGE][PASSED] - Text 'dsil@gmail.com' is set on object 'Object Repository/Register1/Page_Register/input_Email address_form-control ng-untouch_b58296'

26-07-2024T17:30:14 - [TEST_STEP][PASSED] - setText(findTestObject("Object Repository/Register1/Page_Register/input_Phone_form-control ng-untouched ng-in_c98163"), "9876543210"): Text '9876543210' is set on object 'Object Repository/Register1/Page_Register/input_Phone_form-control ng-untouched ng-in_c98163'

26-07-2024T17:30:15 - [MESSAGE][PASSED] - Text '9876543210' is set on object 'Object Repository/Register1/Page_Register/input_Phone_form-control ng-untouched ng-in_c98163'

26-07-2024T17:30:15 - [TEST_STEP][PASSED] - click(findTestObject("Object Repository/Register1/Page_Register/label_Male")): Object: 'Object Repository/Register1/Page_Register/label_Male' is clicked on

26-07-2024T17:30:16 - [MESSAGE][PASSED] - Object: 'Object Repository/Register1/Page_Register/label_Male' is clicked on

26-07-2024T17:30:16 - [TEST_STEP][PASSED] - click(findTestObject("Object Repository/Register1/Page_Register/input_Hobbies_checkbox1")): Object: 'Object Repository/Register1/Page_Register/input_Hobbies_checkbox1' is clicked on

26-07-2024T17:30:17 - [MESSAGE][PASSED] - Object: 'Object Repository/Register1/Page_Register/input_Hobbies_checkbox1' is clicked on

26-07-2024T17:30:17 - [TEST_STEP][PASSED] - click(findTestObject("Object Repository/Register1/Page_Register/input_Hobbies_checkbox1")): Object: 'Object Repository/Register1/Page_Register/input_Hobbies_checkbox1' is clicked on

26-07-2024T17:30:18 - [MESSAGE][PASSED] - Object: 'Object Repository/Register1/Page_Register/input_Hobbies_checkbox1' is clicked on

26-07-2024T17:30:18 - [TEST_STEP][PASSED] - click(findTestObject("Object Repository/Register1/Page_Register/input_Cricket_checkbox2")): Object: 'Object Repository/Register1/Page_Register/input_Cricket_checkbox2' is clicked on

26-07-2024T17:30:18 - [MESSAGE][PASSED] - Object: 'Object Repository/Register1/Page_Register/input_Cricket_checkbox2' is clicked on

26-07-2024T17:30:18 - [TEST_STEP][PASSED] - click(findTestObject("Object Repository/Register1/Page_Register/div_Languages_msdd")): Object: 'Object Repository/Register1/Page_Register/div_Languages_msdd' is clicked on

26-07-2024T17:30:19 - [MESSAGE][PASSED] - Object: 'Object Repository/Register1/Page_Register/div_Languages_msdd' is clicked on

26-07-2024T17:30:19 - [TEST_STEP][PASSED] - click(findTestObject("Object Repository/Register1/Page_Register/div_Languages_msdd")): Object: 'Object Repository/Register1/Page_Register/div_Languages_msdd' is clicked on

26-07-2024T17:30:19 - [MESSAGE][PASSED] - Object: 'Object Repository/Register1/Page_Register/div_Languages_msdd' is clicked on

26-07-2024T17:30:19 - [TEST_STEP][PASSED] - click(findTestObject("Object Repository/Register1/Page_Register/li_English")): Object: 'Object Repository/Register1/Page_Register/li_English' is clicked on

26-07-2024T17:30:20 - [MESSAGE][PASSED] - Object: 'Object Repository/Register1/Page_Register/li_English' is clicked on

26-07-2024T17:30:20 - [TEST_STEP][PASSED] - selectOptionByValue(findTestObject("Object Repository/Register1/Page_Register/select_Select Skills                       _fcf818"), "C++", true): All options with value 'C++' are selected in object 'Object Repository/Register1/Page_Register/select_Select Skills                       _fcf818'  using regular expression

26-07-2024T17:30:22 - [MESSAGE][PASSED] - All options with value 'C++' are selected in object 'Object Repository/Register1/Page_Register/select_Select Skills                       _fcf818'  using regular expression

26-07-2024T17:30:22 - [TEST_STEP][PASSED] - click(findTestObject("Object Repository/Register1/Page_Register/span_Select Country_select2-selection selec_6e0c3c")): Object: 'Object Repository/Register1/Page_Register/span_Select Country_select2-selection selec_6e0c3c' is clicked on

26-07-2024T17:30:23 - [MESSAGE][PASSED] - Object: 'Object Repository/Register1/Page_Register/span_Select Country_select2-selection selec_6e0c3c' is clicked on

26-07-2024T17:30:23 - [TEST_STEP][PASSED] - selectOptionByValue(findTestObject("Object Repository/Register1/Page_Register/select_year                             191_0e56cb"), year, true): All options with value '1998' are selected in object 'Object Repository/Register1/Page_Register/select_year                             191_0e56cb'  using regular expression

26-07-2024T17:30:28 - [MESSAGE][PASSED] - All options with value '1998' are selected in object 'Object Repository/Register1/Page_Register/select_year                             191_0e56cb'  using regular expression

26-07-2024T17:30:28 - [TEST_STEP][PASSED] - selectOptionByValue(findTestObject("Object Repository/Register1/Page_Register/select_Month                               _920c21"), month, true): All options with value 'October' are selected in object 'Object Repository/Register1/Page_Register/select_Month                               _920c21'  using regular expression

26-07-2024T17:30:29 - [MESSAGE][PASSED] - All options with value 'October' are selected in object 'Object Repository/Register1/Page_Register/select_Month                               _920c21'  using regular expression

26-07-2024T17:30:29 - [TEST_STEP][PASSED] - selectOptionByValue(findTestObject("Object Repository/Register1/Page_Register/select_Day                                 _6d848d"), date, true): All options with value '18' are selected in object 'Object Repository/Register1/Page_Register/select_Day                                 _6d848d'  using regular expression

26-07-2024T17:30:31 - [MESSAGE][PASSED] - All options with value '18' are selected in object 'Object Repository/Register1/Page_Register/select_Day                                 _6d848d'  using regular expression

26-07-2024T17:30:31 - [TEST_STEP][PASSED] - setEncryptedText(findTestObject("Object Repository/Register1/Page_Register/input_Password_firstpassword"), "3Z9vEXbPUsD5eDQOwLR1+w=="): Text ****** has been set on object 'Object Repository/Register1/Page_Register/input_Password_firstpassword'

26-07-2024T17:30:32 - [MESSAGE][PASSED] - Text ****** has been set on object 'Object Repository/Register1/Page_Register/input_Password_firstpassword'

26-07-2024T17:30:32 - [TEST_STEP][PASSED] - click(findTestObject("Object Repository/Register1/Page_Register/form_Full Name                             _47f0eb")): Object: 'Object Repository/Register1/Page_Register/form_Full Name                             _47f0eb' is clicked on

26-07-2024T17:30:32 - [MESSAGE][PASSED] - Object: 'Object Repository/Register1/Page_Register/form_Full Name                             _47f0eb' is clicked on

26-07-2024T17:30:32 - [TEST_STEP][PASSED] - setEncryptedText(findTestObject("Object Repository/Register1/Page_Register/input_Confirm Password_secondpassword"), "3Z9vEXbPUsD5eDQOwLR1+w=="): Text ****** has been set on object 'Object Repository/Register1/Page_Register/input_Confirm Password_secondpassword'

26-07-2024T17:30:33 - [MESSAGE][PASSED] - Text ****** has been set on object 'Object Repository/Register1/Page_Register/input_Confirm Password_secondpassword'

26-07-2024T17:30:33 - [TEST_STEP][PASSED] - click(findTestObject("Object Repository/Register1/Page_Register/button_Submit")): Object: 'Object Repository/Register1/Page_Register/button_Submit' is clicked on

26-07-2024T17:30:33 - [MESSAGE][PASSED] - Object: 'Object Repository/Register1/Page_Register/button_Submit' is clicked on

26-07-2024T17:30:33 - [TEST_STEP][PASSED] - click(findTestObject("Object Repository/Register1/Page_Register/button_Refresh")): Object: 'Object Repository/Register1/Page_Register/button_Refresh' is clicked on

26-07-2024T17:30:35 - [MESSAGE][PASSED] - Object: 'Object Repository/Register1/Page_Register/button_Refresh' is clicked on

26-07-2024T17:30:35 - [TEST_STEP][PASSED] - closeBrowser(): Browser is closed

26-07-2024T17:30:35 - [MESSAGE][PASSED] - Browser is closed]]></system-out>
         <system-err><![CDATA[]]></system-err>
      </testcase>
      <testcase name="Test Cases/TestCase5/main" time="10.652" classname="Test Cases/TestCase5/main" status="PASSED">
         <system-out><![CDATA[26-07-2024T17:30:35 - [TEST_CASE][PASSED] - Test Cases/TestCase5/main: Test Cases/TestCase5/main

26-07-2024T17:30:35 - [TEST_STEP][PASSED] - openBrowser(""): Browser is opened with url: ''

26-07-2024T17:30:35 - [MESSAGE][INFO] - Starting 'Chrome' driver

26-07-2024T17:30:35 - [MESSAGE][INFO] - Action delay is set to 0 milliseconds

26-07-2024T17:30:37 - [MESSAGE][PASSED] - Browser is opened with url: ''

26-07-2024T17:30:37 - [TEST_STEP][PASSED] - navigateToUrl("https://ultimateqa.com/filling-out-forms/"): Navigate to 'https://ultimateqa.com/filling-out-forms/' successfully

26-07-2024T17:30:39 - [MESSAGE][PASSED] - Navigate to 'https://ultimateqa.com/filling-out-forms/' successfully

26-07-2024T17:30:39 - [TEST_STEP][PASSED] - setText(findTestObject("Object Repository/Form2/Page_Filling Out Forms - Ultimate QA/input_Name_et_pb_contact_name_0"), "Jam"): Text 'Jam' is set on object 'Object Repository/Form2/Page_Filling Out Forms - Ultimate QA/input_Name_et_pb_contact_name_0'

26-07-2024T17:30:41 - [MESSAGE][PASSED] - Text 'Jam' is set on object 'Object Repository/Form2/Page_Filling Out Forms - Ultimate QA/input_Name_et_pb_contact_name_0'

26-07-2024T17:30:41 - [TEST_STEP][PASSED] - setText(findTestObject("Object Repository/Form2/Page_Filling Out Forms - Ultimate QA/textarea_Message_et_pb_contact_message_0"), "Butter"): Text 'Butter' is set on object 'Object Repository/Form2/Page_Filling Out Forms - Ultimate QA/textarea_Message_et_pb_contact_message_0'

26-07-2024T17:30:44 - [MESSAGE][PASSED] - Text 'Butter' is set on object 'Object Repository/Form2/Page_Filling Out Forms - Ultimate QA/textarea_Message_et_pb_contact_message_0'

26-07-2024T17:30:44 - [TEST_STEP][PASSED] - setText(findTestObject("Object Repository/Form2/Page_Filling Out Forms - Ultimate QA/input_Name_et_pb_contact_name_1"), "Sam"): Text 'Sam' is set on object 'Object Repository/Form2/Page_Filling Out Forms - Ultimate QA/input_Name_et_pb_contact_name_1'

26-07-2024T17:30:44 - [MESSAGE][PASSED] - Text 'Sam' is set on object 'Object Repository/Form2/Page_Filling Out Forms - Ultimate QA/input_Name_et_pb_contact_name_1'

26-07-2024T17:30:44 - [TEST_STEP][PASSED] - setText(findTestObject("Object Repository/Form2/Page_Filling Out Forms - Ultimate QA/textarea_Message_et_pb_contact_message_1"), "Gutt"): Text 'Gutt' is set on object 'Object Repository/Form2/Page_Filling Out Forms - Ultimate QA/textarea_Message_et_pb_contact_message_1'

26-07-2024T17:30:45 - [MESSAGE][PASSED] - Text 'Gutt' is set on object 'Object Repository/Form2/Page_Filling Out Forms - Ultimate QA/textarea_Message_et_pb_contact_message_1'

26-07-2024T17:30:45 - [TEST_STEP][PASSED] - click(findTestObject("Object Repository/Form2/Page_Filling Out Forms - Ultimate QA/button_Submit")): Object: 'Object Repository/Form2/Page_Filling Out Forms - Ultimate QA/button_Submit' is clicked on

26-07-2024T17:30:46 - [MESSAGE][PASSED] - Object: 'Object Repository/Form2/Page_Filling Out Forms - Ultimate QA/button_Submit' is clicked on

26-07-2024T17:30:46 - [TEST_STEP][PASSED] - closeBrowser(): Browser is closed

26-07-2024T17:30:46 - [MESSAGE][PASSED] - Browser is closed]]></system-out>
         <system-err><![CDATA[]]></system-err>
      </testcase>
      <system-out><![CDATA[26-07-2024T17:29:45 - [TEST_SUITE][PASSED] - forms1: Test Cases/TestCase5/main]]></system-out>
      <system-err><![CDATA[]]></system-err>
   </testsuite>
</testsuites>
