<?xml version="1.0" encoding="UTF-8"?>
<testsuites name="TS-4-demoblaze" time="25.331" tests="2" failures="0" errors="0">
   <testsuite name="TS-4-demoblaze" tests="2" failures="0" errors="0" time="25.331" skipped="0" timestamp="05-08-2024T19:55:50" hostname="10685520 - 7Z54S93" id="Test Suites/TS-4-demoblaze">
      <properties>
         <property name="deviceName" value=""/>
         <property name="devicePlatform"/>
         <property name="logFolder" value="C:\\Users\\10685520\\OneDrive - LTIMindtree\\KT\\Katalon Studio\\SampleWebTest1\\Reports\\20240805_195539\\TS-4-demoblaze\\20240805_195539"/>
         <property name="logFiles" value="C:\\Users\\10685520\\OneDrive - LTIMindtree\\KT\\Katalon Studio\\SampleWebTest1\\Reports\\20240805_195539\\TS-4-demoblaze\\20240805_195539\\execution0.log"/>
         <property name="attachments" value=""/>
         <property name="hostName" value="10685520 - 7Z54S93"/>
         <property name="os" value="Windows 11 64bit"/>
         <property name="katalonVersion" value="9.6.0.217"/>
         <property name="browser" value="Chrome 127.0.0.0"/>
         <property name="hostAddress" value="192.168.1.8"/>
         <property name="sessionId" value="74c675a75fe9db4f91aeee3769f7da81"/>
         <property name="seleniumVersion" value="3.141.59"/>
         <property name="proxyInformation" value="ProxyInformation { proxyOption=NO_PROXY, proxyServerType=HTTP, username=, password=********, proxyServerAddress=, proxyServerPort=0, executionList=&quot;&quot;, isApplyToDesiredCapabilities=true }"/>
         <property name="platform" value="Windows 11"/>
      </properties>
      <testcase name="Test Cases/TC-20-demoblaze" time="10.688" classname="Test Cases/TC-20-demoblaze" status="PASSED">
         <system-out><![CDATA[05-08-2024T19:55:50 - [TEST_CASE][PASSED] - Test Cases/TC-20-demoblaze: Test Cases/TC-20-demoblaze

05-08-2024T19:55:51 - [TEST_STEP][PASSED] - openBrowser(""): Browser is opened with url: ''

05-08-2024T19:55:51 - [MESSAGE][INFO] - Starting 'Chrome (headless)' driver

05-08-2024T19:55:51 - [MESSAGE][INFO] - Action delay is set to 0 milliseconds

05-08-2024T19:55:54 - [MESSAGE][PASSED] - Browser is opened with url: ''

05-08-2024T19:55:54 - [TEST_STEP][PASSED] - navigateToUrl("https://www.demoblaze.com/"): Navigate to 'https://www.demoblaze.com/' successfully

05-08-2024T19:55:57 - [MESSAGE][PASSED] - Navigate to 'https://www.demoblaze.com/' successfully

05-08-2024T19:55:57 - [TEST_STEP][PASSED] - click(findTestObject("Object Repository/TC-20-demoblaze-product/Page_STORE/a_Iphone 6 32gb")): Object: 'Object Repository/TC-20-demoblaze-product/Page_STORE/a_Iphone 6 32gb' is clicked on

05-08-2024T19:55:59 - [MESSAGE][PASSED] - Object: 'Object Repository/TC-20-demoblaze-product/Page_STORE/a_Iphone 6 32gb' is clicked on

05-08-2024T19:55:59 - [TEST_STEP][PASSED] - verifyElementText(findTestObject("TC-20-demoblaze-product/Page_STORE/h2_Iphone 6 32gb"), title): Actual text and expected text of test object 'Object Repository/TC-20-demoblaze-product/Page_STORE/h2_Iphone 6 32gb' are matched.

05-08-2024T19:56:01 - [MESSAGE][PASSED] - Actual text and expected text of test object 'Object Repository/TC-20-demoblaze-product/Page_STORE/h2_Iphone 6 32gb' are matched.

05-08-2024T19:56:01 - [TEST_STEP][PASSED] - closeBrowser(): Browser is closed

05-08-2024T19:56:01 - [MESSAGE][PASSED] - Browser is closed]]></system-out>
         <system-err><![CDATA[]]></system-err>
      </testcase>
      <testcase name="Test Cases/TC-21-demoblaze-contact" time="14.314" classname="Test Cases/TC-21-demoblaze-contact" status="PASSED">
         <system-out><![CDATA[05-08-2024T19:56:01 - [TEST_CASE][PASSED] - Test Cases/TC-21-demoblaze-contact: Test Cases/TC-21-demoblaze-contact

05-08-2024T19:56:01 - [TEST_STEP][PASSED] - openBrowser(""): Browser is opened with url: ''

05-08-2024T19:56:01 - [MESSAGE][INFO] - Starting 'Chrome (headless)' driver

05-08-2024T19:56:01 - [MESSAGE][INFO] - Action delay is set to 0 milliseconds

05-08-2024T19:56:02 - [MESSAGE][PASSED] - Browser is opened with url: ''

05-08-2024T19:56:02 - [TEST_STEP][PASSED] - navigateToUrl("https://www.demoblaze.com/cart.html"): Navigate to 'https://www.demoblaze.com/cart.html' successfully

05-08-2024T19:56:04 - [MESSAGE][PASSED] - Navigate to 'https://www.demoblaze.com/cart.html' successfully

05-08-2024T19:56:04 - [TEST_STEP][PASSED] - click(findTestObject("Object Repository/TC-21/Page_STORE/a_Contact")): Object: 'Object Repository/TC-21/Page_STORE/a_Contact' is clicked on

05-08-2024T19:56:12 - [MESSAGE][PASSED] - Object: 'Object Repository/TC-21/Page_STORE/a_Contact' is clicked on

05-08-2024T19:56:12 - [TEST_STEP][PASSED] - setText(findTestObject("Object Repository/TC-21/Page_STORE/input_Contact Email_recipient-email"), "stesting@gmail.com"): Text 'stesting@gmail.com' is set on object 'Object Repository/TC-21/Page_STORE/input_Contact Email_recipient-email'

05-08-2024T19:56:13 - [MESSAGE][PASSED] - Text 'stesting@gmail.com' is set on object 'Object Repository/TC-21/Page_STORE/input_Contact Email_recipient-email'

05-08-2024T19:56:13 - [TEST_STEP][PASSED] - setText(findTestObject("Object Repository/TC-21/Page_STORE/input_Contact Name_recipient-name"), "tester"): Text 'tester' is set on object 'Object Repository/TC-21/Page_STORE/input_Contact Name_recipient-name'

05-08-2024T19:56:13 - [MESSAGE][PASSED] - Text 'tester' is set on object 'Object Repository/TC-21/Page_STORE/input_Contact Name_recipient-name'

05-08-2024T19:56:13 - [TEST_STEP][PASSED] - setText(findTestObject("Object Repository/TC-21/Page_STORE/textarea_Message_message-text"), "1234"): Text '1234' is set on object 'Object Repository/TC-21/Page_STORE/textarea_Message_message-text'

05-08-2024T19:56:14 - [MESSAGE][PASSED] - Text '1234' is set on object 'Object Repository/TC-21/Page_STORE/textarea_Message_message-text'

05-08-2024T19:56:14 - [TEST_STEP][PASSED] - click(findTestObject("Object Repository/TC-21/Page_STORE/button_Send message")): Object: 'Object Repository/TC-21/Page_STORE/button_Send message' is clicked on

05-08-2024T19:56:15 - [MESSAGE][PASSED] - Object: 'Object Repository/TC-21/Page_STORE/button_Send message' is clicked on

05-08-2024T19:56:15 - [TEST_STEP][PASSED] - closeBrowser(): Browser is closed

05-08-2024T19:56:15 - [MESSAGE][PASSED] - Browser is closed]]></system-out>
         <system-err><![CDATA[]]></system-err>
      </testcase>
      <system-out><![CDATA[05-08-2024T19:55:50 - [TEST_SUITE][PASSED] - TS-4-demoblaze: Test Cases/TC-21-demoblaze-contact]]></system-out>
      <system-err><![CDATA[]]></system-err>
   </testsuite>
</testsuites>
