<?xml version="1.0" encoding="UTF-8"?>
<testsuites name="TS-2-forms1" time="24.175" tests="2" failures="0" errors="0">
   <testsuite name="TS-2-forms1" tests="2" failures="0" errors="0" time="24.175" skipped="0" timestamp="05-08-2024T19:53:56" hostname="10685520 - 7Z54S93" id="Test Suites/TS-2-forms1">
      <properties>
         <property name="deviceName" value=""/>
         <property name="devicePlatform"/>
         <property name="logFolder" value="C:\\Users\\10685520\\OneDrive - LTIMindtree\\KT\\Katalon Studio\\SampleWebTest1\\Reports\\20240805_195347\\TS-2-forms1\\20240805_195347"/>
         <property name="logFiles" value="C:\\Users\\10685520\\OneDrive - LTIMindtree\\KT\\Katalon Studio\\SampleWebTest1\\Reports\\20240805_195347\\TS-2-forms1\\20240805_195347\\execution0.log"/>
         <property name="attachments" value=""/>
         <property name="hostName" value="10685520 - 7Z54S93"/>
         <property name="os" value="Windows 11 64bit"/>
         <property name="katalonVersion" value="9.6.0.217"/>
         <property name="browser" value="Chrome 127.0.0.0"/>
         <property name="hostAddress" value="192.168.1.8"/>
         <property name="sessionId" value="7c8703e3fe7461acbadc2e4b97b8a8c3"/>
         <property name="seleniumVersion" value="3.141.59"/>
         <property name="proxyInformation" value="ProxyInformation { proxyOption=NO_PROXY, proxyServerType=HTTP, username=, password=********, proxyServerAddress=, proxyServerPort=0, executionList=&quot;&quot;, isApplyToDesiredCapabilities=true }"/>
         <property name="platform" value="Windows 11"/>
      </properties>
      <testcase name="Test Cases/TC-05-ultimateqa-form/main" time="13.486" classname="Test Cases/TC-05-ultimateqa-form/main" status="PASSED">
         <system-out><![CDATA[05-08-2024T19:53:56 - [TEST_CASE][PASSED] - Test Cases/TC-05-ultimateqa-form/main: Test Cases/TC-05-ultimateqa-form/main

05-08-2024T19:53:57 - [TEST_STEP][PASSED] - openBrowser(""): Browser is opened with url: ''

05-08-2024T19:53:57 - [MESSAGE][INFO] - Starting 'Chrome (headless)' driver

05-08-2024T19:53:57 - [MESSAGE][INFO] - Action delay is set to 0 milliseconds

05-08-2024T19:54:00 - [MESSAGE][PASSED] - Browser is opened with url: ''

05-08-2024T19:54:00 - [TEST_STEP][PASSED] - navigateToUrl("https://ultimateqa.com/filling-out-forms/"): Navigate to 'https://ultimateqa.com/filling-out-forms/' successfully

05-08-2024T19:54:02 - [MESSAGE][PASSED] - Navigate to 'https://ultimateqa.com/filling-out-forms/' successfully

05-08-2024T19:54:02 - [TEST_STEP][PASSED] - setText(findTestObject("Object Repository/TC-05/Page_Filling Out Forms - Ultimate QA/input_Name_et_pb_contact_name_0"), "Jam"): Text 'Jam' is set on object 'Object Repository/TC-05/Page_Filling Out Forms - Ultimate QA/input_Name_et_pb_contact_name_0'

05-08-2024T19:54:03 - [MESSAGE][PASSED] - Text 'Jam' is set on object 'Object Repository/TC-05/Page_Filling Out Forms - Ultimate QA/input_Name_et_pb_contact_name_0'

05-08-2024T19:54:03 - [TEST_STEP][PASSED] - setText(findTestObject("Object Repository/TC-05/Page_Filling Out Forms - Ultimate QA/textarea_Message_et_pb_contact_message_0"), "Butter"): Text 'Butter' is set on object 'Object Repository/TC-05/Page_Filling Out Forms - Ultimate QA/textarea_Message_et_pb_contact_message_0'

05-08-2024T19:54:06 - [MESSAGE][PASSED] - Text 'Butter' is set on object 'Object Repository/TC-05/Page_Filling Out Forms - Ultimate QA/textarea_Message_et_pb_contact_message_0'

05-08-2024T19:54:06 - [TEST_STEP][PASSED] - setText(findTestObject("Object Repository/TC-05/Page_Filling Out Forms - Ultimate QA/input_Name_et_pb_contact_name_1"), "Sam"): Text 'Sam' is set on object 'Object Repository/TC-05/Page_Filling Out Forms - Ultimate QA/input_Name_et_pb_contact_name_1'

05-08-2024T19:54:08 - [MESSAGE][PASSED] - Text 'Sam' is set on object 'Object Repository/TC-05/Page_Filling Out Forms - Ultimate QA/input_Name_et_pb_contact_name_1'

05-08-2024T19:54:08 - [TEST_STEP][PASSED] - setText(findTestObject("Object Repository/TC-05/Page_Filling Out Forms - Ultimate QA/textarea_Message_et_pb_contact_message_1"), "Gutt"): Text 'Gutt' is set on object 'Object Repository/TC-05/Page_Filling Out Forms - Ultimate QA/textarea_Message_et_pb_contact_message_1'

05-08-2024T19:54:09 - [MESSAGE][PASSED] - Text 'Gutt' is set on object 'Object Repository/TC-05/Page_Filling Out Forms - Ultimate QA/textarea_Message_et_pb_contact_message_1'

05-08-2024T19:54:09 - [TEST_STEP][PASSED] - click(findTestObject("Object Repository/TC-05/Page_Filling Out Forms - Ultimate QA/button_Submit")): Object: 'Object Repository/TC-05/Page_Filling Out Forms - Ultimate QA/button_Submit' is clicked on

05-08-2024T19:54:10 - [MESSAGE][PASSED] - Object: 'Object Repository/TC-05/Page_Filling Out Forms - Ultimate QA/button_Submit' is clicked on

05-08-2024T19:54:10 - [TEST_STEP][PASSED] - closeBrowser(): Browser is closed

05-08-2024T19:54:10 - [MESSAGE][PASSED] - Browser is closed]]></system-out>
         <system-err><![CDATA[]]></system-err>
      </testcase>
      <testcase name="Test Cases/TC-09-orangeHRM-login" time="10.379" classname="Test Cases/TC-09-orangeHRM-login" status="PASSED">
         <system-out><![CDATA[05-08-2024T19:54:10 - [TEST_CASE][PASSED] - Test Cases/TC-09-orangeHRM-login: Test Cases/TC-09-orangeHRM-login

05-08-2024T19:54:10 - [TEST_STEP][PASSED] - openBrowser(""): Browser is opened with url: ''

05-08-2024T19:54:10 - [MESSAGE][INFO] - Starting 'Chrome (headless)' driver

05-08-2024T19:54:10 - [MESSAGE][INFO] - Action delay is set to 0 milliseconds

05-08-2024T19:54:11 - [MESSAGE][PASSED] - Browser is opened with url: ''

05-08-2024T19:54:11 - [TEST_STEP][PASSED] - navigateToUrl("https://opensource-demo.orangehrmlive.com/web/index.php/auth/login"): Navigate to 'https://opensource-demo.orangehrmlive.com/web/index.php/auth/login' successfully

05-08-2024T19:54:15 - [MESSAGE][PASSED] - Navigate to 'https://opensource-demo.orangehrmlive.com/web/index.php/auth/login' successfully

05-08-2024T19:54:15 - [TEST_STEP][PASSED] - setText(findTestObject("Object Repository/TC-09/Page_OrangeHRM/input_Username_username"), "Admin"): Text 'Admin' is set on object 'Object Repository/TC-09/Page_OrangeHRM/input_Username_username'

05-08-2024T19:54:17 - [MESSAGE][PASSED] - Text 'Admin' is set on object 'Object Repository/TC-09/Page_OrangeHRM/input_Username_username'

05-08-2024T19:54:17 - [TEST_STEP][PASSED] - setEncryptedText(findTestObject("Object Repository/TC-09/Page_OrangeHRM/input_Password_password"), "hUKwJTbofgPU9eVlw/CnDQ=="): Text ****** has been set on object 'Object Repository/TC-09/Page_OrangeHRM/input_Password_password'

05-08-2024T19:54:18 - [MESSAGE][PASSED] - Text ****** has been set on object 'Object Repository/TC-09/Page_OrangeHRM/input_Password_password'

05-08-2024T19:54:18 - [TEST_STEP][PASSED] - click(findTestObject("Object Repository/TC-09/Page_OrangeHRM/button_Login")): Object: 'Object Repository/TC-09/Page_OrangeHRM/button_Login' is clicked on

05-08-2024T19:54:19 - [MESSAGE][PASSED] - Object: 'Object Repository/TC-09/Page_OrangeHRM/button_Login' is clicked on

05-08-2024T19:54:19 - [TEST_STEP][PASSED] - verifyElementPresent(findTestObject("TC-09/Page_OrangeHRM/h6_Dashboard"), 0): Object 'Object Repository/TC-09/Page_OrangeHRM/h6_Dashboard' is present

05-08-2024T19:54:19 - [MESSAGE][WARNING] - Timeout '0' is invalid. Using default page load timeout: '30'

05-08-2024T19:54:20 - [MESSAGE][PASSED] - Object 'Object Repository/TC-09/Page_OrangeHRM/h6_Dashboard' is present

05-08-2024T19:54:20 - [TEST_STEP][PASSED] - closeBrowser(): Browser is closed

05-08-2024T19:54:20 - [MESSAGE][PASSED] - Browser is closed]]></system-out>
         <system-err><![CDATA[]]></system-err>
      </testcase>
      <system-out><![CDATA[05-08-2024T19:53:56 - [TEST_SUITE][PASSED] - TS-2-forms1: Test Cases/TC-09-orangeHRM-login]]></system-out>
      <system-err><![CDATA[]]></system-err>
   </testsuite>
</testsuites>
