<?xml version="1.0" encoding="UTF-8"?>
<testsuites name="TS-5-ultimateqa-1" time="18.202" tests="2" failures="0" errors="0">
   <testsuite name="TS-5-ultimateqa-1" tests="2" failures="0" errors="0" time="18.202" skipped="0" timestamp="05-08-2024T19:57:10" hostname="10685520 - 7Z54S93" id="Test Suites/TS-5-ultimateqa-1">
      <properties>
         <property name="deviceName" value=""/>
         <property name="devicePlatform"/>
         <property name="logFolder" value="C:\\Users\\10685520\\OneDrive - LTIMindtree\\KT\\Katalon Studio\\SampleWebTest1\\Reports\\20240805_195701\\TS-5-ultimateqa-1\\20240805_195701"/>
         <property name="logFiles" value="C:\\Users\\10685520\\OneDrive - LTIMindtree\\KT\\Katalon Studio\\SampleWebTest1\\Reports\\20240805_195701\\TS-5-ultimateqa-1\\20240805_195701\\execution0.log"/>
         <property name="attachments" value=""/>
         <property name="hostName" value="10685520 - 7Z54S93"/>
         <property name="os" value="Windows 11 64bit"/>
         <property name="katalonVersion" value="9.6.0.217"/>
         <property name="browser" value="Chrome 127.0.0.0"/>
         <property name="hostAddress" value="192.168.1.8"/>
         <property name="sessionId" value="bf20b8216150547377f686efadbf6720"/>
         <property name="seleniumVersion" value="3.141.59"/>
         <property name="proxyInformation" value="ProxyInformation { proxyOption=NO_PROXY, proxyServerType=HTTP, username=, password=********, proxyServerAddress=, proxyServerPort=0, executionList=&quot;&quot;, isApplyToDesiredCapabilities=true }"/>
         <property name="platform" value="Windows 11"/>
      </properties>
      <testcase name="Test Cases/TC-05-ultimateqa-form/main" time="12.933" classname="Test Cases/TC-05-ultimateqa-form/main" status="PASSED">
         <system-out><![CDATA[05-08-2024T19:57:10 - [TEST_CASE][PASSED] - Test Cases/TC-05-ultimateqa-form/main: Test Cases/TC-05-ultimateqa-form/main

05-08-2024T19:57:10 - [TEST_STEP][PASSED] - openBrowser(""): Browser is opened with url: ''

05-08-2024T19:57:11 - [MESSAGE][INFO] - Starting 'Chrome (headless)' driver

05-08-2024T19:57:11 - [MESSAGE][INFO] - Action delay is set to 0 milliseconds

05-08-2024T19:57:13 - [MESSAGE][PASSED] - Browser is opened with url: ''

05-08-2024T19:57:13 - [TEST_STEP][PASSED] - navigateToUrl("https://ultimateqa.com/filling-out-forms/"): Navigate to 'https://ultimateqa.com/filling-out-forms/' successfully

05-08-2024T19:57:15 - [MESSAGE][PASSED] - Navigate to 'https://ultimateqa.com/filling-out-forms/' successfully

05-08-2024T19:57:15 - [TEST_STEP][PASSED] - setText(findTestObject("Object Repository/TC-05/Page_Filling Out Forms - Ultimate QA/input_Name_et_pb_contact_name_0"), "Jam"): Text 'Jam' is set on object 'Object Repository/TC-05/Page_Filling Out Forms - Ultimate QA/input_Name_et_pb_contact_name_0'

05-08-2024T19:57:16 - [MESSAGE][PASSED] - Text 'Jam' is set on object 'Object Repository/TC-05/Page_Filling Out Forms - Ultimate QA/input_Name_et_pb_contact_name_0'

05-08-2024T19:57:16 - [TEST_STEP][PASSED] - setText(findTestObject("Object Repository/TC-05/Page_Filling Out Forms - Ultimate QA/textarea_Message_et_pb_contact_message_0"), "Butter"): Text 'Butter' is set on object 'Object Repository/TC-05/Page_Filling Out Forms - Ultimate QA/textarea_Message_et_pb_contact_message_0'

05-08-2024T19:57:18 - [MESSAGE][PASSED] - Text 'Butter' is set on object 'Object Repository/TC-05/Page_Filling Out Forms - Ultimate QA/textarea_Message_et_pb_contact_message_0'

05-08-2024T19:57:18 - [TEST_STEP][PASSED] - setText(findTestObject("Object Repository/TC-05/Page_Filling Out Forms - Ultimate QA/input_Name_et_pb_contact_name_1"), "Sam"): Text 'Sam' is set on object 'Object Repository/TC-05/Page_Filling Out Forms - Ultimate QA/input_Name_et_pb_contact_name_1'

05-08-2024T19:57:19 - [MESSAGE][PASSED] - Text 'Sam' is set on object 'Object Repository/TC-05/Page_Filling Out Forms - Ultimate QA/input_Name_et_pb_contact_name_1'

05-08-2024T19:57:19 - [TEST_STEP][PASSED] - setText(findTestObject("Object Repository/TC-05/Page_Filling Out Forms - Ultimate QA/textarea_Message_et_pb_contact_message_1"), "Gutt"): Text 'Gutt' is set on object 'Object Repository/TC-05/Page_Filling Out Forms - Ultimate QA/textarea_Message_et_pb_contact_message_1'

05-08-2024T19:57:22 - [MESSAGE][PASSED] - Text 'Gutt' is set on object 'Object Repository/TC-05/Page_Filling Out Forms - Ultimate QA/textarea_Message_et_pb_contact_message_1'

05-08-2024T19:57:22 - [TEST_STEP][PASSED] - click(findTestObject("Object Repository/TC-05/Page_Filling Out Forms - Ultimate QA/button_Submit")): Object: 'Object Repository/TC-05/Page_Filling Out Forms - Ultimate QA/button_Submit' is clicked on

05-08-2024T19:57:22 - [MESSAGE][PASSED] - Object: 'Object Repository/TC-05/Page_Filling Out Forms - Ultimate QA/button_Submit' is clicked on

05-08-2024T19:57:22 - [TEST_STEP][PASSED] - closeBrowser(): Browser is closed

05-08-2024T19:57:23 - [MESSAGE][PASSED] - Browser is closed]]></system-out>
         <system-err><![CDATA[]]></system-err>
      </testcase>
      <testcase name="Test Cases/TC-06-ultimateqa-price/main" time="4.988" classname="Test Cases/TC-06-ultimateqa-price/main" status="PASSED">
         <system-out><![CDATA[05-08-2024T19:57:23 - [TEST_CASE][PASSED] - Test Cases/TC-06-ultimateqa-price/main: Test Cases/TC-06-ultimateqa-price/main

05-08-2024T19:57:23 - [TEST_STEP][PASSED] - openBrowser(""): Browser is opened with url: ''

05-08-2024T19:57:23 - [MESSAGE][INFO] - Starting 'Chrome (headless)' driver

05-08-2024T19:57:23 - [MESSAGE][INFO] - Action delay is set to 0 milliseconds

05-08-2024T19:57:24 - [MESSAGE][PASSED] - Browser is opened with url: ''

05-08-2024T19:57:24 - [TEST_STEP][PASSED] - navigateToUrl("https://ultimateqa.com/automation/fake-pricing-page/"): Navigate to 'https://ultimateqa.com/automation/fake-pricing-page/' successfully

05-08-2024T19:57:26 - [MESSAGE][PASSED] - Navigate to 'https://ultimateqa.com/automation/fake-pricing-page/' successfully

05-08-2024T19:57:26 - [TEST_STEP][PASSED] - verifyElementText(findTestObject("TC-06/Page_Fake pricing page - Ultimate QA/span_0"), "$0"): Actual text and expected text of test object 'Object Repository/TC-06/Page_Fake pricing page - Ultimate QA/span_0' are matched.

05-08-2024T19:57:27 - [MESSAGE][PASSED] - Actual text and expected text of test object 'Object Repository/TC-06/Page_Fake pricing page - Ultimate QA/span_0' are matched.

05-08-2024T19:57:27 - [TEST_STEP][PASSED] - verifyElementText(findTestObject("TC-06/Page_Fake pricing page - Ultimate QA/span_80"), "$80"): Actual text and expected text of test object 'Object Repository/TC-06/Page_Fake pricing page - Ultimate QA/span_80' are matched.

05-08-2024T19:57:27 - [MESSAGE][PASSED] - Actual text and expected text of test object 'Object Repository/TC-06/Page_Fake pricing page - Ultimate QA/span_80' are matched.

05-08-2024T19:57:27 - [TEST_STEP][PASSED] - verifyElementText(findTestObject("TC-06/Page_Fake pricing page - Ultimate QA/span_900"), "$900"): Actual text and expected text of test object 'Object Repository/TC-06/Page_Fake pricing page - Ultimate QA/span_900' are matched.

05-08-2024T19:57:28 - [MESSAGE][PASSED] - Actual text and expected text of test object 'Object Repository/TC-06/Page_Fake pricing page - Ultimate QA/span_900' are matched.

05-08-2024T19:57:28 - [TEST_STEP][PASSED] - closeBrowser(): Browser is closed

05-08-2024T19:57:28 - [MESSAGE][PASSED] - Browser is closed]]></system-out>
         <system-err><![CDATA[]]></system-err>
      </testcase>
      <system-out><![CDATA[05-08-2024T19:57:10 - [TEST_SUITE][PASSED] - TS-5-ultimateqa-1: Test Cases/TC-06-ultimateqa-price/main]]></system-out>
      <system-err><![CDATA[]]></system-err>
   </testsuite>
</testsuites>
