<?xml version="1.0" encoding="UTF-8"?>
<testsuites name="TS-10-globalsqa-2" time="7.073" tests="2" failures="0" errors="0">
   <testsuite name="TS-10-globalsqa-2" tests="2" failures="0" errors="0" time="7.073" skipped="0" timestamp="02-08-2024T14:15:02" hostname="10685520 - 10.202.112.43" id="Test Suites/TS-10-globalsqa-2">
      <properties>
         <property name="deviceName" value=""/>
         <property name="devicePlatform"/>
         <property name="logFolder" value="C:\\Users\\10685520\\OneDrive - LTIMindtree\\KT\\Katalon Studio\\SampleWebTest1\\Reports\\20240802_141454\\TS-10-globalsqa-2\\20240802_141454"/>
         <property name="logFiles" value="C:\\Users\\10685520\\OneDrive - LTIMindtree\\KT\\Katalon Studio\\SampleWebTest1\\Reports\\20240802_141454\\TS-10-globalsqa-2\\20240802_141454\\execution0.log"/>
         <property name="attachments" value=""/>
         <property name="hostName" value="10685520 - 10.202.112.43"/>
         <property name="os" value="Windows 11 64bit"/>
         <property name="katalonVersion" value="9.6.0.217"/>
         <property name="browser" value="Chrome 127.0.0.0"/>
         <property name="hostAddress" value="10.202.112.43"/>
         <property name="sessionId" value="743939e18dfc5ea268f21bb10e8ed70f"/>
         <property name="seleniumVersion" value="3.141.59"/>
         <property name="proxyInformation" value="ProxyInformation { proxyOption=NO_PROXY, proxyServerType=HTTP, username=, password=********, proxyServerAddress=, proxyServerPort=0, executionList=&quot;&quot;, isApplyToDesiredCapabilities=true }"/>
         <property name="platform" value="Windows 11"/>
      </properties>
      <testcase name="Test Cases/TC-26-globalsqa-calc" time="6.846" classname="Test Cases/TC-26-globalsqa-calc" status="PASSED">
         <system-out><![CDATA[02-08-2024T14:15:02 - [TEST_CASE][PASSED] - Test Cases/TC-26-globalsqa-calc: Test Cases/TC-26-globalsqa-calc

02-08-2024T14:15:03 - [TEST_STEP][PASSED] - openBrowser(""): Browser is opened with url: ''

02-08-2024T14:15:03 - [MESSAGE][INFO] - Starting 'Chrome' driver

02-08-2024T14:15:03 - [MESSAGE][INFO] - Action delay is set to 0 milliseconds

02-08-2024T14:15:05 - [MESSAGE][PASSED] - Browser is opened with url: ''

02-08-2024T14:15:05 - [TEST_STEP][PASSED] - navigateToUrl("https://www.globalsqa.com/angularJs-protractor/SimpleCalculator/"): Navigate to 'https://www.globalsqa.com/angularJs-protractor/SimpleCalculator/' successfully

02-08-2024T14:15:07 - [MESSAGE][PASSED] - Navigate to 'https://www.globalsqa.com/angularJs-protractor/SimpleCalculator/' successfully

02-08-2024T14:15:07 - [TEST_STEP][PASSED] - click(findTestObject("Object Repository/TC-26/Page_/input_a_ng-pristine ng-valid")): Object: 'Object Repository/TC-26/Page_/input_a_ng-pristine ng-valid' is clicked on

02-08-2024T14:15:07 - [MESSAGE][PASSED] - Object: 'Object Repository/TC-26/Page_/input_a_ng-pristine ng-valid' is clicked on

02-08-2024T14:15:07 - [TEST_STEP][PASSED] - setText(findTestObject("Object Repository/TC-26/Page_/input_a_ng-valid ng-dirty"), "8"): Text '8' is set on object 'Object Repository/TC-26/Page_/input_a_ng-valid ng-dirty'

02-08-2024T14:15:08 - [MESSAGE][PASSED] - Text '8' is set on object 'Object Repository/TC-26/Page_/input_a_ng-valid ng-dirty'

02-08-2024T14:15:08 - [TEST_STEP][PASSED] - setText(findTestObject("Object Repository/TC-26/Page_/input_b_ng-valid ng-dirty"), "2"): Text '2' is set on object 'Object Repository/TC-26/Page_/input_b_ng-valid ng-dirty'

02-08-2024T14:15:09 - [MESSAGE][PASSED] - Text '2' is set on object 'Object Repository/TC-26/Page_/input_b_ng-valid ng-dirty'

02-08-2024T14:15:09 - [TEST_STEP][PASSED] - verifyElementText(findTestObject("TC-26/Page_/b_8  2  10"), "8 + 2 = 10"): Actual text and expected text of test object 'Object Repository/TC-26/Page_/b_8  2  10' are matched.

02-08-2024T14:15:09 - [MESSAGE][PASSED] - Actual text and expected text of test object 'Object Repository/TC-26/Page_/b_8  2  10' are matched.

02-08-2024T14:15:09 - [TEST_STEP][PASSED] - closeBrowser(): Browser is closed

02-08-2024T14:15:09 - [MESSAGE][PASSED] - Browser is closed]]></system-out>
         <system-err><![CDATA[]]></system-err>
      </testcase>
      <testcase name="Test Cases/TC-27-globalsqa-consumption" time="0.05" classname="Test Cases/TC-27-globalsqa-consumption" status="PASSED">
         <system-out><![CDATA[02-08-2024T14:15:09 - [TEST_CASE][PASSED] - Test Cases/TC-27-globalsqa-consumption: Test Cases/TC-27-globalsqa-consumption

02-08-2024T14:15:09 - [TEST_STEP][PASSED] - return null: null]]></system-out>
         <system-err><![CDATA[]]></system-err>
      </testcase>
      <system-out><![CDATA[02-08-2024T14:15:02 - [TEST_SUITE][PASSED] - TS-10-globalsqa-2: Test Cases/TC-27-globalsqa-consumption]]></system-out>
      <system-err><![CDATA[]]></system-err>
   </testsuite>
</testsuites>
