<?xml version="1.0" encoding="UTF-8"?>
<testsuites name="TS-11-globalsqa-3" time="15.831" tests="2" failures="0" errors="0">
   <testsuite name="TS-11-globalsqa-3" tests="2" failures="0" errors="0" time="15.831" skipped="0" timestamp="02-08-2024T14:51:48" hostname="10685520 - 10.202.112.43" id="Test Suites/TS-11-globalsqa-3">
      <properties>
         <property name="deviceName" value=""/>
         <property name="devicePlatform"/>
         <property name="logFolder" value="C:\\Users\\10685520\\OneDrive - LTIMindtree\\KT\\Katalon Studio\\SampleWebTest1\\Reports\\20240802_145140\\TS-11-globalsqa-3\\20240802_145140"/>
         <property name="logFiles" value="C:\\Users\\10685520\\OneDrive - LTIMindtree\\KT\\Katalon Studio\\SampleWebTest1\\Reports\\20240802_145140\\TS-11-globalsqa-3\\20240802_145140\\execution0.log"/>
         <property name="attachments" value=""/>
         <property name="hostName" value="10685520 - 10.202.112.43"/>
         <property name="os" value="Windows 11 64bit"/>
         <property name="katalonVersion" value="9.6.0.217"/>
         <property name="browser" value="Chrome 127.0.0.0"/>
         <property name="hostAddress" value="10.202.112.43"/>
         <property name="sessionId" value="1227917401a6cfa0dd6bc3d97a54aead"/>
         <property name="seleniumVersion" value="3.141.59"/>
         <property name="proxyInformation" value="ProxyInformation { proxyOption=NO_PROXY, proxyServerType=HTTP, username=, password=********, proxyServerAddress=, proxyServerPort=0, executionList=&quot;&quot;, isApplyToDesiredCapabilities=true }"/>
         <property name="platform" value="Windows 11"/>
      </properties>
      <testcase name="Test Cases/TC-28-globalsqa-register" time="8.308" classname="Test Cases/TC-28-globalsqa-register" status="PASSED">
         <system-out><![CDATA[02-08-2024T14:51:48 - [TEST_CASE][PASSED] - Test Cases/TC-28-globalsqa-register: Test Cases/TC-28-globalsqa-register

02-08-2024T14:51:48 - [TEST_STEP][PASSED] - openBrowser(""): Browser is opened with url: ''

02-08-2024T14:51:48 - [MESSAGE][INFO] - Starting 'Chrome' driver

02-08-2024T14:51:48 - [MESSAGE][INFO] - Action delay is set to 0 milliseconds

02-08-2024T14:51:50 - [MESSAGE][PASSED] - Browser is opened with url: ''

02-08-2024T14:51:50 - [TEST_STEP][PASSED] - navigateToUrl("https://globalsqa.com/angularJs-protractor/registration-login-example/#/register"): Navigate to 'https://globalsqa.com/angularJs-protractor/registration-login-example/#/register' successfully

02-08-2024T14:51:52 - [MESSAGE][PASSED] - Navigate to 'https://globalsqa.com/angularJs-protractor/registration-login-example/#/register' successfully

02-08-2024T14:51:52 - [TEST_STEP][PASSED] - setText(findTestObject("Object Repository/TC-28/Page_AngularJS User Registration and Login Example/input_First name_firstName"), "Dom"): Text 'Dom' is set on object 'Object Repository/TC-28/Page_AngularJS User Registration and Login Example/input_First name_firstName'

02-08-2024T14:51:54 - [MESSAGE][PASSED] - Text 'Dom' is set on object 'Object Repository/TC-28/Page_AngularJS User Registration and Login Example/input_First name_firstName'

02-08-2024T14:51:54 - [TEST_STEP][PASSED] - setText(findTestObject("Object Repository/TC-28/Page_AngularJS User Registration and Login Example/input_Last name_lastName"), "Sil"): Text 'Sil' is set on object 'Object Repository/TC-28/Page_AngularJS User Registration and Login Example/input_Last name_lastName'

02-08-2024T14:51:54 - [MESSAGE][PASSED] - Text 'Sil' is set on object 'Object Repository/TC-28/Page_AngularJS User Registration and Login Example/input_Last name_lastName'

02-08-2024T14:51:54 - [TEST_STEP][PASSED] - setText(findTestObject("Object Repository/TC-28/Page_AngularJS User Registration and Login Example/input_Username_username"), "dsil"): Text 'dsil' is set on object 'Object Repository/TC-28/Page_AngularJS User Registration and Login Example/input_Username_username'

02-08-2024T14:51:55 - [MESSAGE][PASSED] - Text 'dsil' is set on object 'Object Repository/TC-28/Page_AngularJS User Registration and Login Example/input_Username_username'

02-08-2024T14:51:55 - [TEST_STEP][PASSED] - setEncryptedText(findTestObject("Object Repository/TC-28/Page_AngularJS User Registration and Login Example/input_Password_password"), "0k9G2X5i1stHXDYZerjoew=="): Text ****** has been set on object 'Object Repository/TC-28/Page_AngularJS User Registration and Login Example/input_Password_password'

02-08-2024T14:51:55 - [MESSAGE][PASSED] - Text ****** has been set on object 'Object Repository/TC-28/Page_AngularJS User Registration and Login Example/input_Password_password'

02-08-2024T14:51:55 - [TEST_STEP][PASSED] - click(findTestObject("Object Repository/TC-28/Page_AngularJS User Registration and Login Example/button_Register")): Object: 'Object Repository/TC-28/Page_AngularJS User Registration and Login Example/button_Register' is clicked on

02-08-2024T14:51:56 - [MESSAGE][PASSED] - Object: 'Object Repository/TC-28/Page_AngularJS User Registration and Login Example/button_Register' is clicked on

02-08-2024T14:51:56 - [TEST_STEP][PASSED] - closeBrowser(): Browser is closed

02-08-2024T14:51:56 - [MESSAGE][PASSED] - Browser is closed]]></system-out>
         <system-err><![CDATA[]]></system-err>
      </testcase>
      <testcase name="Test Cases/TC-29-globalsqa-login" time="7.337" classname="Test Cases/TC-29-globalsqa-login" status="PASSED">
         <system-out><![CDATA[02-08-2024T14:51:56 - [TEST_CASE][PASSED] - Test Cases/TC-29-globalsqa-login: Test Cases/TC-29-globalsqa-login

02-08-2024T14:51:56 - [TEST_STEP][PASSED] - openBrowser(""): Browser is opened with url: ''

02-08-2024T14:51:56 - [MESSAGE][INFO] - Starting 'Chrome' driver

02-08-2024T14:51:56 - [MESSAGE][INFO] - Action delay is set to 0 milliseconds

02-08-2024T14:51:57 - [MESSAGE][PASSED] - Browser is opened with url: ''

02-08-2024T14:51:57 - [TEST_STEP][PASSED] - navigateToUrl("https://globalsqa.com/angularJs-protractor/registration-login-example/#/login"): Navigate to 'https://globalsqa.com/angularJs-protractor/registration-login-example/#/login' successfully

02-08-2024T14:51:59 - [MESSAGE][PASSED] - Navigate to 'https://globalsqa.com/angularJs-protractor/registration-login-example/#/login' successfully

02-08-2024T14:51:59 - [TEST_STEP][PASSED] - setText(findTestObject("Object Repository/TC-29/Page_AngularJS User Registration and Login Example/input_Username_username"), "dom"): Text 'dom' is set on object 'Object Repository/TC-29/Page_AngularJS User Registration and Login Example/input_Username_username'

02-08-2024T14:52:00 - [MESSAGE][PASSED] - Text 'dom' is set on object 'Object Repository/TC-29/Page_AngularJS User Registration and Login Example/input_Username_username'

02-08-2024T14:52:00 - [TEST_STEP][PASSED] - setEncryptedText(findTestObject("Object Repository/TC-29/Page_AngularJS User Registration and Login Example/input_Password_password"), "l95YM5zx+C4="): Text ****** has been set on object 'Object Repository/TC-29/Page_AngularJS User Registration and Login Example/input_Password_password'

02-08-2024T14:52:01 - [MESSAGE][PASSED] - Text ****** has been set on object 'Object Repository/TC-29/Page_AngularJS User Registration and Login Example/input_Password_password'

02-08-2024T14:52:01 - [TEST_STEP][PASSED] - click(findTestObject("Object Repository/TC-29/Page_AngularJS User Registration and Login Example/button_Login")): Object: 'Object Repository/TC-29/Page_AngularJS User Registration and Login Example/button_Login' is clicked on

02-08-2024T14:52:01 - [MESSAGE][PASSED] - Object: 'Object Repository/TC-29/Page_AngularJS User Registration and Login Example/button_Login' is clicked on

02-08-2024T14:52:01 - [TEST_STEP][PASSED] - delay(2): Delayed 2 second(s)

02-08-2024T14:52:03 - [MESSAGE][PASSED] - Delayed 2 second(s)

02-08-2024T14:52:03 - [TEST_STEP][PASSED] - closeBrowser(): Browser is closed

02-08-2024T14:52:03 - [MESSAGE][PASSED] - Browser is closed]]></system-out>
         <system-err><![CDATA[]]></system-err>
      </testcase>
      <system-out><![CDATA[02-08-2024T14:51:48 - [TEST_SUITE][PASSED] - TS-11-globalsqa-3: Test Cases/TC-29-globalsqa-login]]></system-out>
      <system-err><![CDATA[]]></system-err>
   </testsuite>
</testsuites>
