<?xml version="1.0" encoding="UTF-8"?>
<testsuites name="TS-6-expandTesting-2" time="40.564" tests="2" failures="0" errors="0">
   <testsuite name="TS-6-expandTesting-2" tests="2" failures="0" errors="0" time="40.564" skipped="0" timestamp="05-08-2024T19:58:53" hostname="10685520 - 7Z54S93" id="Test Suites/TS-6-expandTesting-2">
      <properties>
         <property name="deviceName" value=""/>
         <property name="devicePlatform"/>
         <property name="logFolder" value="C:\\Users\\10685520\\OneDrive - LTIMindtree\\KT\\Katalon Studio\\SampleWebTest1\\Reports\\20240805_195842\\TS-6-expandTesting-2\\20240805_195843"/>
         <property name="logFiles" value="C:\\Users\\10685520\\OneDrive - LTIMindtree\\KT\\Katalon Studio\\SampleWebTest1\\Reports\\20240805_195842\\TS-6-expandTesting-2\\20240805_195843\\execution0.log"/>
         <property name="attachments" value=""/>
         <property name="hostName" value="10685520 - 7Z54S93"/>
         <property name="os" value="Windows 11 64bit"/>
         <property name="katalonVersion" value="9.6.0.217"/>
         <property name="browser" value="Chrome 127.0.0.0"/>
         <property name="hostAddress" value="192.168.1.8"/>
         <property name="sessionId" value="e5fe18341bc094dfdd4d0598683f877e"/>
         <property name="seleniumVersion" value="3.141.59"/>
         <property name="proxyInformation" value="ProxyInformation { proxyOption=NO_PROXY, proxyServerType=HTTP, username=, password=********, proxyServerAddress=, proxyServerPort=0, executionList=&quot;&quot;, isApplyToDesiredCapabilities=true }"/>
         <property name="platform" value="Windows 11"/>
      </properties>
      <testcase name="Test Cases/TC-11-expandTesting-login" time="20.253" classname="Test Cases/TC-11-expandTesting-login" status="PASSED">
         <system-out><![CDATA[05-08-2024T19:58:53 - [TEST_CASE][PASSED] - Test Cases/TC-11-expandTesting-login: Test Cases/TC-11-expandTesting-login

05-08-2024T19:58:53 - [TEST_STEP][PASSED] - openBrowser(""): Browser is opened with url: ''

05-08-2024T19:58:54 - [MESSAGE][INFO] - Starting 'Chrome (headless)' driver

05-08-2024T19:58:54 - [MESSAGE][INFO] - Action delay is set to 0 milliseconds

05-08-2024T19:58:56 - [MESSAGE][PASSED] - Browser is opened with url: ''

05-08-2024T19:58:56 - [TEST_STEP][PASSED] - navigateToUrl("https://practice.expandtesting.com/login"): Navigate to 'https://practice.expandtesting.com/login' successfully

05-08-2024T19:58:59 - [MESSAGE][PASSED] - Navigate to 'https://practice.expandtesting.com/login' successfully

05-08-2024T19:58:59 - [TEST_STEP][PASSED] - setText(findTestObject("Object Repository/TC-11/Page_Login form page for Automation Testing_eea870/input_Username_username"), username): Text 'practice' is set on object 'Object Repository/TC-11/Page_Login form page for Automation Testing_eea870/input_Username_username'

05-08-2024T19:59:01 - [MESSAGE][PASSED] - Text 'practice' is set on object 'Object Repository/TC-11/Page_Login form page for Automation Testing_eea870/input_Username_username'

05-08-2024T19:59:01 - [TEST_STEP][PASSED] - setText(findTestObject("Object Repository/TC-11/Page_Login form page for Automation Testing_eea870/input_Password_password"), password): Text 'SuperSecretPassword!' is set on object 'Object Repository/TC-11/Page_Login form page for Automation Testing_eea870/input_Password_password'

05-08-2024T19:59:02 - [MESSAGE][PASSED] - Text 'SuperSecretPassword!' is set on object 'Object Repository/TC-11/Page_Login form page for Automation Testing_eea870/input_Password_password'

05-08-2024T19:59:02 - [TEST_STEP][PASSED] - click(findTestObject("Object Repository/TC-11/Page_Login form page for Automation Testing_eea870/button_Login")): Object: 'Object Repository/TC-11/Page_Login form page for Automation Testing_eea870/button_Login' is clicked on

05-08-2024T19:59:11 - [MESSAGE][PASSED] - Object: 'Object Repository/TC-11/Page_Login form page for Automation Testing_eea870/button_Login' is clicked on

05-08-2024T19:59:11 - [TEST_STEP][PASSED] - verifyElementVisible(findTestObject("TC-11/Page_Login form page for Automation Testing Practice/b_Your username is invalid")): Object 'Object Repository/TC-11/Page_Login form page for Automation Testing Practice/b_Your username is invalid' is visible

05-08-2024T19:59:12 - [MESSAGE][PASSED] - Object 'Object Repository/TC-11/Page_Login form page for Automation Testing Practice/b_Your username is invalid' is visible

05-08-2024T19:59:12 - [TEST_STEP][PASSED] - closeBrowser(): Browser is closed

05-08-2024T19:59:13 - [MESSAGE][PASSED] - Browser is closed]]></system-out>
         <system-err><![CDATA[]]></system-err>
      </testcase>
      <testcase name="Test Cases/TC-13-expandTesting-bmi" time="20.015" classname="Test Cases/TC-13-expandTesting-bmi" status="PASSED">
         <system-out><![CDATA[05-08-2024T19:59:13 - [TEST_CASE][PASSED] - Test Cases/TC-13-expandTesting-bmi: Test Cases/TC-13-expandTesting-bmi

05-08-2024T19:59:13 - [TEST_STEP][PASSED] - openBrowser(""): Browser is opened with url: ''

05-08-2024T19:59:13 - [MESSAGE][INFO] - Starting 'Chrome (headless)' driver

05-08-2024T19:59:13 - [MESSAGE][INFO] - Action delay is set to 0 milliseconds

05-08-2024T19:59:15 - [MESSAGE][PASSED] - Browser is opened with url: ''

05-08-2024T19:59:15 - [TEST_STEP][PASSED] - navigateToUrl("https://practice.expandtesting.com/bmi"): Navigate to 'https://practice.expandtesting.com/bmi' successfully

05-08-2024T19:59:18 - [MESSAGE][PASSED] - Navigate to 'https://practice.expandtesting.com/bmi' successfully

05-08-2024T19:59:18 - [TEST_STEP][PASSED] - selectOptionByValue(findTestObject("Object Repository/TC-13/Page_BMI Calculator example page for Automa_921d2f/select_Female            Male"), "Male", true): All options with value 'Male' are selected in object 'Object Repository/TC-13/Page_BMI Calculator example page for Automa_921d2f/select_Female            Male'  using regular expression

05-08-2024T19:59:21 - [MESSAGE][PASSED] - All options with value 'Male' are selected in object 'Object Repository/TC-13/Page_BMI Calculator example page for Automa_921d2f/select_Female            Male'  using regular expression

05-08-2024T19:59:21 - [TEST_STEP][PASSED] - setText(findTestObject("Object Repository/TC-13/Page_BMI Calculator example page for Automa_921d2f/input_Age (ages 2 - 120)_age"), age): Text '26' is set on object 'Object Repository/TC-13/Page_BMI Calculator example page for Automa_921d2f/input_Age (ages 2 - 120)_age'

05-08-2024T19:59:22 - [MESSAGE][PASSED] - Text '26' is set on object 'Object Repository/TC-13/Page_BMI Calculator example page for Automa_921d2f/input_Age (ages 2 - 120)_age'

05-08-2024T19:59:22 - [TEST_STEP][PASSED] - setText(findTestObject("Object Repository/TC-13/Page_BMI Calculator example page for Automa_921d2f/input_Height (cm)_height"), height): Text '161' is set on object 'Object Repository/TC-13/Page_BMI Calculator example page for Automa_921d2f/input_Height (cm)_height'

05-08-2024T19:59:23 - [MESSAGE][PASSED] - Text '161' is set on object 'Object Repository/TC-13/Page_BMI Calculator example page for Automa_921d2f/input_Height (cm)_height'

05-08-2024T19:59:23 - [TEST_STEP][PASSED] - setText(findTestObject("Object Repository/TC-13/Page_BMI Calculator example page for Automa_921d2f/input_Weight (kg)_weight"), weight): Text '80' is set on object 'Object Repository/TC-13/Page_BMI Calculator example page for Automa_921d2f/input_Weight (kg)_weight'

05-08-2024T19:59:23 - [MESSAGE][PASSED] - Text '80' is set on object 'Object Repository/TC-13/Page_BMI Calculator example page for Automa_921d2f/input_Weight (kg)_weight'

05-08-2024T19:59:23 - [TEST_STEP][PASSED] - click(findTestObject("Object Repository/TC-13/Page_BMI Calculator example page for Automa_921d2f/button_Calculate")): Object: 'Object Repository/TC-13/Page_BMI Calculator example page for Automa_921d2f/button_Calculate' is clicked on

05-08-2024T19:59:32 - [MESSAGE][PASSED] - Object: 'Object Repository/TC-13/Page_BMI Calculator example page for Automa_921d2f/button_Calculate' is clicked on

05-08-2024T19:59:32 - [TEST_STEP][PASSED] - verifyElementText(findTestObject("TC-13/Page_BMI Calculator example page for Automation Testing Practice/span_Your Body Fat is 12.4"), ans): Actual text and expected text of test object 'Object Repository/TC-13/Page_BMI Calculator example page for Automation Testing Practice/span_Your Body Fat is 12.4' are matched.

05-08-2024T19:59:33 - [MESSAGE][PASSED] - Actual text and expected text of test object 'Object Repository/TC-13/Page_BMI Calculator example page for Automation Testing Practice/span_Your Body Fat is 12.4' are matched.

05-08-2024T19:59:33 - [TEST_STEP][PASSED] - closeBrowser(): Browser is closed

05-08-2024T19:59:33 - [MESSAGE][PASSED] - Browser is closed]]></system-out>
         <system-err><![CDATA[]]></system-err>
      </testcase>
      <system-out><![CDATA[05-08-2024T19:58:53 - [TEST_SUITE][PASSED] - TS-6-expandTesting-2: Test Cases/TC-13-expandTesting-bmi]]></system-out>
      <system-err><![CDATA[]]></system-err>
   </testsuite>
</testsuites>
