<?xml version="1.0" encoding="UTF-8"?>
<testsuites name="TS-5-demoqa-1" time="20.916" tests="2" failures="0" errors="0">
   <testsuite name="TS-5-demoqa-1" tests="2" failures="0" errors="0" time="20.916" skipped="0" timestamp="01-08-2024T18:00:09" hostname="10685520 - 7Z54S93" id="Test Suites/TS-5-demoqa-1">
      <properties>
         <property name="deviceName" value=""/>
         <property name="devicePlatform"/>
         <property name="logFolder" value="C:\\Users\\10685520\\OneDrive - LTIMindtree\\KT\\Katalon Studio\\SampleWebTest1\\Reports\\20240801_180001\\TS-5-demoqa-1\\20240801_180001"/>
         <property name="logFiles" value="C:\\Users\\10685520\\OneDrive - LTIMindtree\\KT\\Katalon Studio\\SampleWebTest1\\Reports\\20240801_180001\\TS-5-demoqa-1\\20240801_180001\\execution0.log"/>
         <property name="attachments" value=""/>
         <property name="hostName" value="10685520 - 7Z54S93"/>
         <property name="os" value="Windows 11 64bit"/>
         <property name="katalonVersion" value="9.6.0.217"/>
         <property name="browser" value="Chrome 127.0.0.0"/>
         <property name="hostAddress" value="192.168.1.9"/>
         <property name="sessionId" value="ea31dc4201c0747c03046a6a0da1d6b8"/>
         <property name="seleniumVersion" value="3.141.59"/>
         <property name="proxyInformation" value="ProxyInformation { proxyOption=NO_PROXY, proxyServerType=HTTP, username=, password=********, proxyServerAddress=, proxyServerPort=0, executionList=&quot;&quot;, isApplyToDesiredCapabilities=true }"/>
         <property name="platform" value="Windows 11"/>
      </properties>
      <testcase name="Test Cases/TC-05-ultimateqa-form/main" time="12.088" classname="Test Cases/TC-05-ultimateqa-form/main" status="PASSED">
         <system-out><![CDATA[01-08-2024T18:00:09 - [TEST_CASE][PASSED] - Test Cases/TC-05-ultimateqa-form/main: Test Cases/TC-05-ultimateqa-form/main

01-08-2024T18:00:10 - [TEST_STEP][PASSED] - openBrowser(""): Browser is opened with url: ''

01-08-2024T18:00:10 - [MESSAGE][INFO] - Starting 'Chrome' driver

01-08-2024T18:00:10 - [MESSAGE][INFO] - Action delay is set to 0 milliseconds

01-08-2024T18:00:12 - [MESSAGE][PASSED] - Browser is opened with url: ''

01-08-2024T18:00:12 - [TEST_STEP][PASSED] - navigateToUrl("https://ultimateqa.com/filling-out-forms/"): Navigate to 'https://ultimateqa.com/filling-out-forms/' successfully

01-08-2024T18:00:17 - [MESSAGE][PASSED] - Navigate to 'https://ultimateqa.com/filling-out-forms/' successfully

01-08-2024T18:00:17 - [TEST_STEP][PASSED] - setText(findTestObject("Object Repository/TC-05/Page_Filling Out Forms - Ultimate QA/input_Name_et_pb_contact_name_0"), "Jam"): Text 'Jam' is set on object 'Object Repository/TC-05/Page_Filling Out Forms - Ultimate QA/input_Name_et_pb_contact_name_0'

01-08-2024T18:00:19 - [MESSAGE][PASSED] - Text 'Jam' is set on object 'Object Repository/TC-05/Page_Filling Out Forms - Ultimate QA/input_Name_et_pb_contact_name_0'

01-08-2024T18:00:19 - [TEST_STEP][PASSED] - setText(findTestObject("Object Repository/TC-05/Page_Filling Out Forms - Ultimate QA/textarea_Message_et_pb_contact_message_0"), "Butter"): Text 'Butter' is set on object 'Object Repository/TC-05/Page_Filling Out Forms - Ultimate QA/textarea_Message_et_pb_contact_message_0'

01-08-2024T18:00:20 - [MESSAGE][PASSED] - Text 'Butter' is set on object 'Object Repository/TC-05/Page_Filling Out Forms - Ultimate QA/textarea_Message_et_pb_contact_message_0'

01-08-2024T18:00:20 - [TEST_STEP][PASSED] - setText(findTestObject("Object Repository/TC-05/Page_Filling Out Forms - Ultimate QA/input_Name_et_pb_contact_name_1"), "Sam"): Text 'Sam' is set on object 'Object Repository/TC-05/Page_Filling Out Forms - Ultimate QA/input_Name_et_pb_contact_name_1'

01-08-2024T18:00:20 - [MESSAGE][PASSED] - Text 'Sam' is set on object 'Object Repository/TC-05/Page_Filling Out Forms - Ultimate QA/input_Name_et_pb_contact_name_1'

01-08-2024T18:00:20 - [TEST_STEP][PASSED] - setText(findTestObject("Object Repository/TC-05/Page_Filling Out Forms - Ultimate QA/textarea_Message_et_pb_contact_message_1"), "Gutt"): Text 'Gutt' is set on object 'Object Repository/TC-05/Page_Filling Out Forms - Ultimate QA/textarea_Message_et_pb_contact_message_1'

01-08-2024T18:00:21 - [MESSAGE][PASSED] - Text 'Gutt' is set on object 'Object Repository/TC-05/Page_Filling Out Forms - Ultimate QA/textarea_Message_et_pb_contact_message_1'

01-08-2024T18:00:21 - [TEST_STEP][PASSED] - click(findTestObject("Object Repository/TC-05/Page_Filling Out Forms - Ultimate QA/button_Submit")): Object: 'Object Repository/TC-05/Page_Filling Out Forms - Ultimate QA/button_Submit' is clicked on

01-08-2024T18:00:21 - [MESSAGE][PASSED] - Object: 'Object Repository/TC-05/Page_Filling Out Forms - Ultimate QA/button_Submit' is clicked on

01-08-2024T18:00:21 - [TEST_STEP][PASSED] - closeBrowser(): Browser is closed

01-08-2024T18:00:21 - [MESSAGE][PASSED] - Browser is closed]]></system-out>
         <system-err><![CDATA[]]></system-err>
      </testcase>
      <testcase name="Test Cases/TC-06-ultimateqa-price/main" time="8.612" classname="Test Cases/TC-06-ultimateqa-price/main" status="PASSED">
         <system-out><![CDATA[01-08-2024T18:00:21 - [TEST_CASE][PASSED] - Test Cases/TC-06-ultimateqa-price/main: Test Cases/TC-06-ultimateqa-price/main

01-08-2024T18:00:22 - [TEST_STEP][PASSED] - openBrowser(""): Browser is opened with url: ''

01-08-2024T18:00:22 - [MESSAGE][INFO] - Starting 'Chrome' driver

01-08-2024T18:00:22 - [MESSAGE][INFO] - Action delay is set to 0 milliseconds

01-08-2024T18:00:23 - [MESSAGE][PASSED] - Browser is opened with url: ''

01-08-2024T18:00:23 - [TEST_STEP][PASSED] - navigateToUrl("https://ultimateqa.com/automation/fake-pricing-page/"): Navigate to 'https://ultimateqa.com/automation/fake-pricing-page/' successfully

01-08-2024T18:00:25 - [MESSAGE][PASSED] - Navigate to 'https://ultimateqa.com/automation/fake-pricing-page/' successfully

01-08-2024T18:00:25 - [TEST_STEP][PASSED] - verifyElementText(findTestObject("TC-06/Page_Fake pricing page - Ultimate QA/span_0"), "$0"): Actual text and expected text of test object 'Object Repository/TC-06/Page_Fake pricing page - Ultimate QA/span_0' are matched.

01-08-2024T18:00:27 - [MESSAGE][PASSED] - Actual text and expected text of test object 'Object Repository/TC-06/Page_Fake pricing page - Ultimate QA/span_0' are matched.

01-08-2024T18:00:27 - [TEST_STEP][PASSED] - verifyElementText(findTestObject("TC-06/Page_Fake pricing page - Ultimate QA/span_80"), "$80"): Actual text and expected text of test object 'Object Repository/TC-06/Page_Fake pricing page - Ultimate QA/span_80' are matched.

01-08-2024T18:00:28 - [MESSAGE][PASSED] - Actual text and expected text of test object 'Object Repository/TC-06/Page_Fake pricing page - Ultimate QA/span_80' are matched.

01-08-2024T18:00:28 - [TEST_STEP][PASSED] - verifyElementText(findTestObject("TC-06/Page_Fake pricing page - Ultimate QA/span_900"), "$900"): Actual text and expected text of test object 'Object Repository/TC-06/Page_Fake pricing page - Ultimate QA/span_900' are matched.

01-08-2024T18:00:30 - [MESSAGE][PASSED] - Actual text and expected text of test object 'Object Repository/TC-06/Page_Fake pricing page - Ultimate QA/span_900' are matched.

01-08-2024T18:00:30 - [TEST_STEP][PASSED] - closeBrowser(): Browser is closed

01-08-2024T18:00:30 - [MESSAGE][PASSED] - Browser is closed]]></system-out>
         <system-err><![CDATA[]]></system-err>
      </testcase>
      <system-out><![CDATA[01-08-2024T18:00:09 - [TEST_SUITE][PASSED] - TS-5-demoqa-1: Test Cases/TC-06-ultimateqa-price/main]]></system-out>
      <system-err><![CDATA[]]></system-err>
   </testsuite>
</testsuites>
