<?xml version="1.0" encoding="UTF-8"?>
<testsuites name="TS-1-expandTesting-1" time="24.82" tests="2" failures="0" errors="0">
   <testsuite name="TS-1-expandTesting-1" tests="2" failures="0" errors="0" time="24.82" skipped="0" timestamp="05-08-2024T19:51:40" hostname="10685520 - 7Z54S93" id="Test Suites/TS-1-expandTesting-1">
      <properties>
         <property name="deviceName" value=""/>
         <property name="devicePlatform"/>
         <property name="logFolder" value="C:\\Users\\10685520\\OneDrive - LTIMindtree\\KT\\Katalon Studio\\SampleWebTest1\\Reports\\20240805_195130\\TS-1-expandTesting-1\\20240805_195130"/>
         <property name="logFiles" value="C:\\Users\\10685520\\OneDrive - LTIMindtree\\KT\\Katalon Studio\\SampleWebTest1\\Reports\\20240805_195130\\TS-1-expandTesting-1\\20240805_195130\\execution0.log"/>
         <property name="attachments" value=""/>
         <property name="hostName" value="10685520 - 7Z54S93"/>
         <property name="os" value="Windows 11 64bit"/>
         <property name="katalonVersion" value="9.6.0.217"/>
         <property name="browser" value="Chrome 127.0.0.0"/>
         <property name="hostAddress" value="192.168.1.8"/>
         <property name="sessionId" value="1b24c639df99f38b2286c47ba5444741"/>
         <property name="seleniumVersion" value="3.141.59"/>
         <property name="proxyInformation" value="ProxyInformation { proxyOption=NO_PROXY, proxyServerType=HTTP, username=, password=********, proxyServerAddress=, proxyServerPort=0, executionList=&quot;&quot;, isApplyToDesiredCapabilities=true }"/>
         <property name="platform" value="Windows 11"/>
      </properties>
      <testcase name="Test Cases/TC-14-expandTesting-pass" time="11.514" classname="Test Cases/TC-14-expandTesting-pass" status="PASSED">
         <system-out><![CDATA[05-08-2024T19:51:41 - [TEST_CASE][PASSED] - Test Cases/TC-14-expandTesting-pass: Test Cases/TC-14-expandTesting-pass

05-08-2024T19:51:41 - [TEST_STEP][PASSED] - openBrowser(""): Browser is opened with url: ''

05-08-2024T19:51:42 - [MESSAGE][INFO] - Starting 'Chrome' driver

05-08-2024T19:51:42 - [MESSAGE][INFO] - Action delay is set to 0 milliseconds

05-08-2024T19:51:45 - [MESSAGE][PASSED] - Browser is opened with url: ''

05-08-2024T19:51:45 - [TEST_STEP][PASSED] - navigateToUrl("https://practice.expandtesting.com/secure-password-checker"): Navigate to 'https://practice.expandtesting.com/secure-password-checker' successfully

05-08-2024T19:51:48 - [MESSAGE][PASSED] - Navigate to 'https://practice.expandtesting.com/secure-password-checker' successfully

05-08-2024T19:51:48 - [TEST_STEP][PASSED] - setText(findTestObject("TC-14/Page_Secure Password Checker page for Automation Testing Practice/input_Password_password"), "Dsil12Dsil"): Text 'Dsil12Dsil' is set on object 'Object Repository/TC-14/Page_Secure Password Checker page for Automation Testing Practice/input_Password_password'

05-08-2024T19:51:50 - [MESSAGE][PASSED] - Text 'Dsil12Dsil' is set on object 'Object Repository/TC-14/Page_Secure Password Checker page for Automation Testing Practice/input_Password_password'

05-08-2024T19:51:50 - [TEST_STEP][PASSED] - verifyElementNotVisible(findTestObject("TC-14/Page_Secure Password Checker page for Automation Testing Practice/li_Must be at least 8 characters long")): Object 'Object Repository/TC-14/Page_Secure Password Checker page for Automation Testing Practice/li_Must be at least 8 characters long' is NOT visible

05-08-2024T19:51:50 - [MESSAGE][PASSED] - Object 'Object Repository/TC-14/Page_Secure Password Checker page for Automation Testing Practice/li_Must be at least 8 characters long' is NOT visible

05-08-2024T19:51:50 - [TEST_STEP][PASSED] - verifyElementNotVisible(findTestObject("TC-14/Page_Secure Password Checker page for Automation Testing Practice/li_Must contain a lowercase letter")): Object 'Object Repository/TC-14/Page_Secure Password Checker page for Automation Testing Practice/li_Must contain a lowercase letter' is NOT visible

05-08-2024T19:51:51 - [MESSAGE][PASSED] - Object 'Object Repository/TC-14/Page_Secure Password Checker page for Automation Testing Practice/li_Must contain a lowercase letter' is NOT visible

05-08-2024T19:51:51 - [TEST_STEP][PASSED] - verifyElementNotVisible(findTestObject("TC-14/Page_Secure Password Checker page for Automation Testing Practice/li_Must contain a number or special character")): Object 'Object Repository/TC-14/Page_Secure Password Checker page for Automation Testing Practice/li_Must contain a number or special character' is NOT visible

05-08-2024T19:51:51 - [MESSAGE][PASSED] - Object 'Object Repository/TC-14/Page_Secure Password Checker page for Automation Testing Practice/li_Must contain a number or special character' is NOT visible

05-08-2024T19:51:51 - [TEST_STEP][PASSED] - verifyElementNotVisible(findTestObject("TC-14/Page_Secure Password Checker page for Automation Testing Practice/li_Must contain an uppercase letter")): Object 'Object Repository/TC-14/Page_Secure Password Checker page for Automation Testing Practice/li_Must contain an uppercase letter' is NOT visible

05-08-2024T19:51:52 - [MESSAGE][PASSED] - Object 'Object Repository/TC-14/Page_Secure Password Checker page for Automation Testing Practice/li_Must contain an uppercase letter' is NOT visible

05-08-2024T19:51:52 - [TEST_STEP][PASSED] - closeBrowser(): Browser is closed

05-08-2024T19:51:52 - [MESSAGE][PASSED] - Browser is closed]]></system-out>
         <system-err><![CDATA[]]></system-err>
      </testcase>
      <testcase name="Test Cases/TC-15-expandTesting-calorie" time="12.946" classname="Test Cases/TC-15-expandTesting-calorie" status="PASSED">
         <system-out><![CDATA[05-08-2024T19:51:52 - [TEST_CASE][PASSED] - Test Cases/TC-15-expandTesting-calorie: Test Cases/TC-15-expandTesting-calorie

05-08-2024T19:51:52 - [TEST_STEP][PASSED] - openBrowser(""): Browser is opened with url: ''

05-08-2024T19:51:52 - [MESSAGE][INFO] - Starting 'Chrome' driver

05-08-2024T19:51:52 - [MESSAGE][INFO] - Action delay is set to 0 milliseconds

05-08-2024T19:51:54 - [MESSAGE][PASSED] - Browser is opened with url: ''

05-08-2024T19:51:54 - [TEST_STEP][PASSED] - navigateToUrl("https://practice.expandtesting.com/tracalorie/"): Navigate to 'https://practice.expandtesting.com/tracalorie/' successfully

05-08-2024T19:51:57 - [MESSAGE][PASSED] - Navigate to 'https://practice.expandtesting.com/tracalorie/' successfully

05-08-2024T19:51:57 - [TEST_STEP][PASSED] - setText(findTestObject("Object Repository/TC-15/Page_Tracalorie  Meal  Calorie Tracker Auto_c8671a/input_Meal_item-name"), "Mango"): Text 'Mango' is set on object 'Object Repository/TC-15/Page_Tracalorie  Meal  Calorie Tracker Auto_c8671a/input_Meal_item-name'

05-08-2024T19:51:59 - [MESSAGE][PASSED] - Text 'Mango' is set on object 'Object Repository/TC-15/Page_Tracalorie  Meal  Calorie Tracker Auto_c8671a/input_Meal_item-name'

05-08-2024T19:51:59 - [TEST_STEP][PASSED] - setText(findTestObject("Object Repository/TC-15/Page_Tracalorie  Meal  Calorie Tracker Auto_c8671a/input_Calories_item-calories"), "4"): Text '4' is set on object 'Object Repository/TC-15/Page_Tracalorie  Meal  Calorie Tracker Auto_c8671a/input_Calories_item-calories'

05-08-2024T19:52:00 - [MESSAGE][PASSED] - Text '4' is set on object 'Object Repository/TC-15/Page_Tracalorie  Meal  Calorie Tracker Auto_c8671a/input_Calories_item-calories'

05-08-2024T19:52:00 - [TEST_STEP][PASSED] - click(findTestObject("Object Repository/TC-15/Page_Tracalorie  Meal  Calorie Tracker Auto_c8671a/button_Add Meal")): Object: 'Object Repository/TC-15/Page_Tracalorie  Meal  Calorie Tracker Auto_c8671a/button_Add Meal' is clicked on

05-08-2024T19:52:01 - [MESSAGE][PASSED] - Object: 'Object Repository/TC-15/Page_Tracalorie  Meal  Calorie Tracker Auto_c8671a/button_Add Meal' is clicked on

05-08-2024T19:52:01 - [TEST_STEP][PASSED] - setText(findTestObject("Object Repository/TC-15/Page_Tracalorie  Meal  Calorie Tracker Auto_c8671a/input_Meal_item-name"), "Chicken"): Text 'Chicken' is set on object 'Object Repository/TC-15/Page_Tracalorie  Meal  Calorie Tracker Auto_c8671a/input_Meal_item-name'

05-08-2024T19:52:02 - [MESSAGE][PASSED] - Text 'Chicken' is set on object 'Object Repository/TC-15/Page_Tracalorie  Meal  Calorie Tracker Auto_c8671a/input_Meal_item-name'

05-08-2024T19:52:02 - [TEST_STEP][PASSED] - setText(findTestObject("Object Repository/TC-15/Page_Tracalorie  Meal  Calorie Tracker Auto_c8671a/input_Calories_item-calories"), "24"): Text '24' is set on object 'Object Repository/TC-15/Page_Tracalorie  Meal  Calorie Tracker Auto_c8671a/input_Calories_item-calories'

05-08-2024T19:52:03 - [MESSAGE][PASSED] - Text '24' is set on object 'Object Repository/TC-15/Page_Tracalorie  Meal  Calorie Tracker Auto_c8671a/input_Calories_item-calories'

05-08-2024T19:52:03 - [TEST_STEP][PASSED] - click(findTestObject("Object Repository/TC-15/Page_Tracalorie  Meal  Calorie Tracker Auto_c8671a/button_Add Meal")): Object: 'Object Repository/TC-15/Page_Tracalorie  Meal  Calorie Tracker Auto_c8671a/button_Add Meal' is clicked on

05-08-2024T19:52:03 - [MESSAGE][PASSED] - Object: 'Object Repository/TC-15/Page_Tracalorie  Meal  Calorie Tracker Auto_c8671a/button_Add Meal' is clicked on

05-08-2024T19:52:03 - [TEST_STEP][PASSED] - verifyElementText(findTestObject("TC-15/Page_Tracalorie  Meal  Calorie Tracker Automation Testing Practice/span_0"), "28"): Actual text and expected text of test object 'Object Repository/TC-15/Page_Tracalorie  Meal  Calorie Tracker Automation Testing Practice/span_0' are matched.

05-08-2024T19:52:04 - [MESSAGE][PASSED] - Actual text and expected text of test object 'Object Repository/TC-15/Page_Tracalorie  Meal  Calorie Tracker Automation Testing Practice/span_0' are matched.

05-08-2024T19:52:04 - [TEST_STEP][PASSED] - closeBrowser(): Browser is closed

05-08-2024T19:52:05 - [MESSAGE][PASSED] - Browser is closed]]></system-out>
         <system-err><![CDATA[]]></system-err>
      </testcase>
      <system-out><![CDATA[05-08-2024T19:51:40 - [TEST_SUITE][PASSED] - TS-1-expandTesting-1: Test Cases/TC-15-expandTesting-calorie]]></system-out>
      <system-err><![CDATA[]]></system-err>
   </testsuite>
</testsuites>
