<?xml version="1.0" encoding="UTF-8"?>
<testsuites name="TS-10-globalsqa-2" time="9.367" tests="2" failures="0" errors="0">
   <testsuite name="TS-10-globalsqa-2" tests="2" failures="0" errors="0" time="9.367" skipped="0" timestamp="05-08-2024T19:52:28" hostname="10685520 - 7Z54S93" id="Test Suites/TS-10-globalsqa-2">
      <properties>
         <property name="deviceName" value=""/>
         <property name="devicePlatform"/>
         <property name="logFolder" value="C:\\Users\\10685520\\OneDrive - LTIMindtree\\KT\\Katalon Studio\\SampleWebTest1\\Reports\\20240805_195219\\TS-10-globalsqa-2\\20240805_195219"/>
         <property name="logFiles" value="C:\\Users\\10685520\\OneDrive - LTIMindtree\\KT\\Katalon Studio\\SampleWebTest1\\Reports\\20240805_195219\\TS-10-globalsqa-2\\20240805_195219\\execution0.log"/>
         <property name="attachments" value=""/>
         <property name="hostName" value="10685520 - 7Z54S93"/>
         <property name="os" value="Windows 11 64bit"/>
         <property name="katalonVersion" value="9.6.0.217"/>
         <property name="browser" value="Chrome 127.0.0.0"/>
         <property name="hostAddress" value="192.168.1.8"/>
         <property name="sessionId" value="59d22872c039964fbd1448a3cba884fc"/>
         <property name="seleniumVersion" value="3.141.59"/>
         <property name="proxyInformation" value="ProxyInformation { proxyOption=NO_PROXY, proxyServerType=HTTP, username=, password=********, proxyServerAddress=, proxyServerPort=0, executionList=&quot;&quot;, isApplyToDesiredCapabilities=true }"/>
         <property name="platform" value="Windows 11"/>
      </properties>
      <testcase name="Test Cases/TC-26-globalsqa-calc" time="8.929" classname="Test Cases/TC-26-globalsqa-calc" status="PASSED">
         <system-out><![CDATA[05-08-2024T19:52:28 - [TEST_CASE][PASSED] - Test Cases/TC-26-globalsqa-calc: Test Cases/TC-26-globalsqa-calc

05-08-2024T19:52:28 - [TEST_STEP][PASSED] - openBrowser(""): Browser is opened with url: ''

05-08-2024T19:52:29 - [MESSAGE][INFO] - Starting 'Chrome (headless)' driver

05-08-2024T19:52:29 - [MESSAGE][INFO] - Action delay is set to 0 milliseconds

05-08-2024T19:52:32 - [MESSAGE][PASSED] - Browser is opened with url: ''

05-08-2024T19:52:32 - [TEST_STEP][PASSED] - navigateToUrl("https://www.globalsqa.com/angularJs-protractor/SimpleCalculator/"): Navigate to 'https://www.globalsqa.com/angularJs-protractor/SimpleCalculator/' successfully

05-08-2024T19:52:34 - [MESSAGE][PASSED] - Navigate to 'https://www.globalsqa.com/angularJs-protractor/SimpleCalculator/' successfully

05-08-2024T19:52:34 - [TEST_STEP][PASSED] - click(findTestObject("Object Repository/TC-26/Page_/input_a_ng-pristine ng-valid")): Object: 'Object Repository/TC-26/Page_/input_a_ng-pristine ng-valid' is clicked on

05-08-2024T19:52:34 - [MESSAGE][PASSED] - Object: 'Object Repository/TC-26/Page_/input_a_ng-pristine ng-valid' is clicked on

05-08-2024T19:52:34 - [TEST_STEP][PASSED] - setText(findTestObject("Object Repository/TC-26/Page_/input_a_ng-valid ng-dirty"), "8"): Text '8' is set on object 'Object Repository/TC-26/Page_/input_a_ng-valid ng-dirty'

05-08-2024T19:52:35 - [MESSAGE][PASSED] - Text '8' is set on object 'Object Repository/TC-26/Page_/input_a_ng-valid ng-dirty'

05-08-2024T19:52:35 - [TEST_STEP][PASSED] - setText(findTestObject("Object Repository/TC-26/Page_/input_b_ng-valid ng-dirty"), "2"): Text '2' is set on object 'Object Repository/TC-26/Page_/input_b_ng-valid ng-dirty'

05-08-2024T19:52:36 - [MESSAGE][PASSED] - Text '2' is set on object 'Object Repository/TC-26/Page_/input_b_ng-valid ng-dirty'

05-08-2024T19:52:36 - [TEST_STEP][PASSED] - verifyElementText(findTestObject("TC-26/Page_/b_8  2  10"), "8 + 2 = 10"): Actual text and expected text of test object 'Object Repository/TC-26/Page_/b_8  2  10' are matched.

05-08-2024T19:52:37 - [MESSAGE][PASSED] - Actual text and expected text of test object 'Object Repository/TC-26/Page_/b_8  2  10' are matched.

05-08-2024T19:52:37 - [TEST_STEP][PASSED] - closeBrowser(): Browser is closed

05-08-2024T19:52:37 - [MESSAGE][PASSED] - Browser is closed]]></system-out>
         <system-err><![CDATA[]]></system-err>
      </testcase>
      <testcase name="Test Cases/TC-27-globalsqa-consumption" time="0.174" classname="Test Cases/TC-27-globalsqa-consumption" status="PASSED">
         <system-out><![CDATA[05-08-2024T19:52:37 - [TEST_CASE][PASSED] - Test Cases/TC-27-globalsqa-consumption: Test Cases/TC-27-globalsqa-consumption

05-08-2024T19:52:37 - [TEST_STEP][PASSED] - return null: null]]></system-out>
         <system-err><![CDATA[]]></system-err>
      </testcase>
      <system-out><![CDATA[05-08-2024T19:52:28 - [TEST_SUITE][PASSED] - TS-10-globalsqa-2: Test Cases/TC-27-globalsqa-consumption]]></system-out>
      <system-err><![CDATA[]]></system-err>
   </testsuite>
</testsuites>
