<?xml version="1.0" encoding="UTF-8"?>
<testsuites name="TSC-2" time="60.626" tests="4" failures="0" errors="0">
   <testsuite name="TS-4-demoblaze" tests="2" failures="0" errors="0" time="25.97" skipped="0" timestamp="01-08-2024T18:02:53" hostname="10685520 - 7Z54S93" id="Test Suites/TS-4-demoblaze">
      <properties>
         <property name="deviceName" value=""/>
         <property name="devicePlatform"/>
         <property name="logFolder" value="C:\\Users\\10685520\\OneDrive - LTIMindtree\\KT\\Katalon Studio\\SampleWebTest1\\Reports\\20240801_180241\\TS-4-demoblaze\\20240801_180242"/>
         <property name="logFiles" value="C:\\Users\\10685520\\OneDrive - LTIMindtree\\KT\\Katalon Studio\\SampleWebTest1\\Reports\\20240801_180241\\TS-4-demoblaze\\20240801_180242\\execution0.log"/>
         <property name="attachments" value=""/>
         <property name="hostName" value="10685520 - 7Z54S93"/>
         <property name="os" value="Windows 11 64bit"/>
         <property name="katalonVersion" value="9.6.0.217"/>
         <property name="browser" value="Chrome 127.0.0.0"/>
         <property name="hostAddress" value="192.168.1.9"/>
         <property name="sessionId" value="8c7a8c0ec106b59454d063559eff4119"/>
         <property name="seleniumVersion" value="3.141.59"/>
         <property name="proxyInformation" value="ProxyInformation { proxyOption=NO_PROXY, proxyServerType=HTTP, username=, password=********, proxyServerAddress=, proxyServerPort=0, executionList=&quot;&quot;, isApplyToDesiredCapabilities=true }"/>
         <property name="platform" value="Windows 11"/>
      </properties>
      <testcase name="Test Cases/TC-20-demoblaze" time="9.102" classname="Test Cases/TC-20-demoblaze" status="PASSED">
         <system-out><![CDATA[01-08-2024T18:02:53 - [TEST_CASE][PASSED] - Test Cases/TC-20-demoblaze: Test Cases/TC-20-demoblaze

01-08-2024T18:02:54 - [TEST_STEP][PASSED] - openBrowser(""): Browser is opened with url: ''

01-08-2024T18:02:54 - [MESSAGE][INFO] - Starting 'Chrome' driver

01-08-2024T18:02:54 - [MESSAGE][INFO] - Action delay is set to 0 milliseconds

01-08-2024T18:02:56 - [MESSAGE][PASSED] - Browser is opened with url: ''

01-08-2024T18:02:56 - [TEST_STEP][PASSED] - navigateToUrl("https://www.demoblaze.com/"): Navigate to 'https://www.demoblaze.com/' successfully

01-08-2024T18:02:58 - [MESSAGE][PASSED] - Navigate to 'https://www.demoblaze.com/' successfully

01-08-2024T18:02:58 - [TEST_STEP][PASSED] - click(findTestObject("Object Repository/TC-20-demoblaze-product/Page_STORE/a_Iphone 6 32gb")): Object: 'Object Repository/TC-20-demoblaze-product/Page_STORE/a_Iphone 6 32gb' is clicked on

01-08-2024T18:03:01 - [MESSAGE][PASSED] - Object: 'Object Repository/TC-20-demoblaze-product/Page_STORE/a_Iphone 6 32gb' is clicked on

01-08-2024T18:03:01 - [TEST_STEP][PASSED] - verifyElementText(findTestObject("TC-20-demoblaze-product/Page_STORE/h2_Iphone 6 32gb"), title): Actual text and expected text of test object 'Object Repository/TC-20-demoblaze-product/Page_STORE/h2_Iphone 6 32gb' are matched.

01-08-2024T18:03:02 - [MESSAGE][PASSED] - Actual text and expected text of test object 'Object Repository/TC-20-demoblaze-product/Page_STORE/h2_Iphone 6 32gb' are matched.

01-08-2024T18:03:02 - [TEST_STEP][PASSED] - closeBrowser(): Browser is closed

01-08-2024T18:03:02 - [MESSAGE][PASSED] - Browser is closed]]></system-out>
         <system-err><![CDATA[]]></system-err>
      </testcase>
      <testcase name="Test Cases/TC-21-demoblaze-contact" time="16.649" classname="Test Cases/TC-21-demoblaze-contact" status="PASSED">
         <system-out><![CDATA[01-08-2024T18:03:02 - [TEST_CASE][PASSED] - Test Cases/TC-21-demoblaze-contact: Test Cases/TC-21-demoblaze-contact

01-08-2024T18:03:03 - [TEST_STEP][PASSED] - openBrowser(""): Browser is opened with url: ''

01-08-2024T18:03:03 - [MESSAGE][INFO] - Starting 'Chrome' driver

01-08-2024T18:03:03 - [MESSAGE][INFO] - Action delay is set to 0 milliseconds

01-08-2024T18:03:04 - [MESSAGE][PASSED] - Browser is opened with url: ''

01-08-2024T18:03:04 - [TEST_STEP][PASSED] - navigateToUrl("https://www.demoblaze.com/cart.html"): Navigate to 'https://www.demoblaze.com/cart.html' successfully

01-08-2024T18:03:06 - [MESSAGE][PASSED] - Navigate to 'https://www.demoblaze.com/cart.html' successfully

01-08-2024T18:03:06 - [TEST_STEP][PASSED] - click(findTestObject("Object Repository/TC-21/Page_STORE/a_Contact")): Object: 'Object Repository/TC-21/Page_STORE/a_Contact' is clicked on

01-08-2024T18:03:15 - [MESSAGE][PASSED] - Object: 'Object Repository/TC-21/Page_STORE/a_Contact' is clicked on

01-08-2024T18:03:15 - [TEST_STEP][PASSED] - setText(findTestObject("Object Repository/TC-21/Page_STORE/input_Contact Email_recipient-email"), "stesting@gmail.com"): Text 'stesting@gmail.com' is set on object 'Object Repository/TC-21/Page_STORE/input_Contact Email_recipient-email'

01-08-2024T18:03:16 - [MESSAGE][PASSED] - Text 'stesting@gmail.com' is set on object 'Object Repository/TC-21/Page_STORE/input_Contact Email_recipient-email'

01-08-2024T18:03:16 - [TEST_STEP][PASSED] - setText(findTestObject("Object Repository/TC-21/Page_STORE/input_Contact Name_recipient-name"), "tester"): Text 'tester' is set on object 'Object Repository/TC-21/Page_STORE/input_Contact Name_recipient-name'

01-08-2024T18:03:17 - [MESSAGE][PASSED] - Text 'tester' is set on object 'Object Repository/TC-21/Page_STORE/input_Contact Name_recipient-name'

01-08-2024T18:03:17 - [TEST_STEP][PASSED] - setText(findTestObject("Object Repository/TC-21/Page_STORE/textarea_Message_message-text"), "1234"): Text '1234' is set on object 'Object Repository/TC-21/Page_STORE/textarea_Message_message-text'

01-08-2024T18:03:18 - [MESSAGE][PASSED] - Text '1234' is set on object 'Object Repository/TC-21/Page_STORE/textarea_Message_message-text'

01-08-2024T18:03:18 - [TEST_STEP][PASSED] - click(findTestObject("Object Repository/TC-21/Page_STORE/button_Send message")): Object: 'Object Repository/TC-21/Page_STORE/button_Send message' is clicked on

01-08-2024T18:03:18 - [MESSAGE][PASSED] - Object: 'Object Repository/TC-21/Page_STORE/button_Send message' is clicked on

01-08-2024T18:03:18 - [TEST_STEP][PASSED] - closeBrowser(): Browser is closed

01-08-2024T18:03:19 - [MESSAGE][PASSED] - Browser is closed]]></system-out>
         <system-err><![CDATA[]]></system-err>
      </testcase>
      <system-out><![CDATA[01-08-2024T18:02:53 - [TEST_SUITE][PASSED] - TS-4-demoblaze: Test Cases/TC-21-demoblaze-contact]]></system-out>
      <system-err><![CDATA[]]></system-err>
   </testsuite>
   <testsuite name="TS-5-demoqa-1" tests="2" failures="0" errors="0" time="15.4" skipped="0" timestamp="01-08-2024T18:03:30" hostname="10685520 - 7Z54S93" id="Test Suites/TS-5-demoqa-1">
      <properties>
         <property name="deviceName" value=""/>
         <property name="devicePlatform"/>
         <property name="logFolder" value="C:\\Users\\10685520\\OneDrive - LTIMindtree\\KT\\Katalon Studio\\SampleWebTest1\\Reports\\20240801_180241\\TS-5-demoqa-1\\20240801_180244"/>
         <property name="logFiles" value="C:\\Users\\10685520\\OneDrive - LTIMindtree\\KT\\Katalon Studio\\SampleWebTest1\\Reports\\20240801_180241\\TS-5-demoqa-1\\20240801_180244\\execution0.log"/>
         <property name="attachments" value=""/>
         <property name="hostName" value="10685520 - 7Z54S93"/>
         <property name="os" value="Windows 11 64bit"/>
         <property name="katalonVersion" value="9.6.0.217"/>
         <property name="browser" value="Chrome 127.0.0.0"/>
         <property name="hostAddress" value="192.168.1.9"/>
         <property name="sessionId" value="e174b504575384b31bb4b67b066b6797"/>
         <property name="seleniumVersion" value="3.141.59"/>
         <property name="proxyInformation" value="ProxyInformation { proxyOption=NO_PROXY, proxyServerType=HTTP, username=, password=********, proxyServerAddress=, proxyServerPort=0, executionList=&quot;&quot;, isApplyToDesiredCapabilities=true }"/>
         <property name="platform" value="Windows 11"/>
      </properties>
      <testcase name="Test Cases/TC-05-ultimateqa-form/main" time="11.141" classname="Test Cases/TC-05-ultimateqa-form/main" status="PASSED">
         <system-out><![CDATA[01-08-2024T18:03:30 - [TEST_CASE][PASSED] - Test Cases/TC-05-ultimateqa-form/main: Test Cases/TC-05-ultimateqa-form/main

01-08-2024T18:03:31 - [TEST_STEP][PASSED] - openBrowser(""): Browser is opened with url: ''

01-08-2024T18:03:31 - [MESSAGE][INFO] - Starting 'Chrome (headless)' driver

01-08-2024T18:03:31 - [MESSAGE][INFO] - Action delay is set to 0 milliseconds

01-08-2024T18:03:33 - [MESSAGE][PASSED] - Browser is opened with url: ''

01-08-2024T18:03:33 - [TEST_STEP][PASSED] - navigateToUrl("https://ultimateqa.com/filling-out-forms/"): Navigate to 'https://ultimateqa.com/filling-out-forms/' successfully

01-08-2024T18:03:35 - [MESSAGE][PASSED] - Navigate to 'https://ultimateqa.com/filling-out-forms/' successfully

01-08-2024T18:03:35 - [TEST_STEP][PASSED] - setText(findTestObject("Object Repository/TC-05/Page_Filling Out Forms - Ultimate QA/input_Name_et_pb_contact_name_0"), "Jam"): Text 'Jam' is set on object 'Object Repository/TC-05/Page_Filling Out Forms - Ultimate QA/input_Name_et_pb_contact_name_0'

01-08-2024T18:03:36 - [MESSAGE][PASSED] - Text 'Jam' is set on object 'Object Repository/TC-05/Page_Filling Out Forms - Ultimate QA/input_Name_et_pb_contact_name_0'

01-08-2024T18:03:36 - [TEST_STEP][PASSED] - setText(findTestObject("Object Repository/TC-05/Page_Filling Out Forms - Ultimate QA/textarea_Message_et_pb_contact_message_0"), "Butter"): Text 'Butter' is set on object 'Object Repository/TC-05/Page_Filling Out Forms - Ultimate QA/textarea_Message_et_pb_contact_message_0'

01-08-2024T18:03:38 - [MESSAGE][PASSED] - Text 'Butter' is set on object 'Object Repository/TC-05/Page_Filling Out Forms - Ultimate QA/textarea_Message_et_pb_contact_message_0'

01-08-2024T18:03:38 - [TEST_STEP][PASSED] - setText(findTestObject("Object Repository/TC-05/Page_Filling Out Forms - Ultimate QA/input_Name_et_pb_contact_name_1"), "Sam"): Text 'Sam' is set on object 'Object Repository/TC-05/Page_Filling Out Forms - Ultimate QA/input_Name_et_pb_contact_name_1'

01-08-2024T18:03:38 - [MESSAGE][PASSED] - Text 'Sam' is set on object 'Object Repository/TC-05/Page_Filling Out Forms - Ultimate QA/input_Name_et_pb_contact_name_1'

01-08-2024T18:03:38 - [TEST_STEP][PASSED] - setText(findTestObject("Object Repository/TC-05/Page_Filling Out Forms - Ultimate QA/textarea_Message_et_pb_contact_message_1"), "Gutt"): Text 'Gutt' is set on object 'Object Repository/TC-05/Page_Filling Out Forms - Ultimate QA/textarea_Message_et_pb_contact_message_1'

01-08-2024T18:03:41 - [MESSAGE][PASSED] - Text 'Gutt' is set on object 'Object Repository/TC-05/Page_Filling Out Forms - Ultimate QA/textarea_Message_et_pb_contact_message_1'

01-08-2024T18:03:41 - [TEST_STEP][PASSED] - click(findTestObject("Object Repository/TC-05/Page_Filling Out Forms - Ultimate QA/button_Submit")): Object: 'Object Repository/TC-05/Page_Filling Out Forms - Ultimate QA/button_Submit' is clicked on

01-08-2024T18:03:41 - [MESSAGE][PASSED] - Object: 'Object Repository/TC-05/Page_Filling Out Forms - Ultimate QA/button_Submit' is clicked on

01-08-2024T18:03:41 - [TEST_STEP][PASSED] - closeBrowser(): Browser is closed

01-08-2024T18:03:41 - [MESSAGE][PASSED] - Browser is closed]]></system-out>
         <system-err><![CDATA[]]></system-err>
      </testcase>
      <testcase name="Test Cases/TC-06-ultimateqa-price/main" time="4.071" classname="Test Cases/TC-06-ultimateqa-price/main" status="PASSED">
         <system-out><![CDATA[01-08-2024T18:03:41 - [TEST_CASE][PASSED] - Test Cases/TC-06-ultimateqa-price/main: Test Cases/TC-06-ultimateqa-price/main

01-08-2024T18:03:41 - [TEST_STEP][PASSED] - openBrowser(""): Browser is opened with url: ''

01-08-2024T18:03:41 - [MESSAGE][INFO] - Starting 'Chrome (headless)' driver

01-08-2024T18:03:41 - [MESSAGE][INFO] - Action delay is set to 0 milliseconds

01-08-2024T18:03:42 - [MESSAGE][PASSED] - Browser is opened with url: ''

01-08-2024T18:03:42 - [TEST_STEP][PASSED] - navigateToUrl("https://ultimateqa.com/automation/fake-pricing-page/"): Navigate to 'https://ultimateqa.com/automation/fake-pricing-page/' successfully

01-08-2024T18:03:44 - [MESSAGE][PASSED] - Navigate to 'https://ultimateqa.com/automation/fake-pricing-page/' successfully

01-08-2024T18:03:44 - [TEST_STEP][PASSED] - verifyElementText(findTestObject("TC-06/Page_Fake pricing page - Ultimate QA/span_0"), "$0"): Actual text and expected text of test object 'Object Repository/TC-06/Page_Fake pricing page - Ultimate QA/span_0' are matched.

01-08-2024T18:03:45 - [MESSAGE][PASSED] - Actual text and expected text of test object 'Object Repository/TC-06/Page_Fake pricing page - Ultimate QA/span_0' are matched.

01-08-2024T18:03:45 - [TEST_STEP][PASSED] - verifyElementText(findTestObject("TC-06/Page_Fake pricing page - Ultimate QA/span_80"), "$80"): Actual text and expected text of test object 'Object Repository/TC-06/Page_Fake pricing page - Ultimate QA/span_80' are matched.

01-08-2024T18:03:45 - [MESSAGE][PASSED] - Actual text and expected text of test object 'Object Repository/TC-06/Page_Fake pricing page - Ultimate QA/span_80' are matched.

01-08-2024T18:03:45 - [TEST_STEP][PASSED] - verifyElementText(findTestObject("TC-06/Page_Fake pricing page - Ultimate QA/span_900"), "$900"): Actual text and expected text of test object 'Object Repository/TC-06/Page_Fake pricing page - Ultimate QA/span_900' are matched.

01-08-2024T18:03:45 - [MESSAGE][PASSED] - Actual text and expected text of test object 'Object Repository/TC-06/Page_Fake pricing page - Ultimate QA/span_900' are matched.

01-08-2024T18:03:45 - [TEST_STEP][PASSED] - closeBrowser(): Browser is closed

01-08-2024T18:03:45 - [MESSAGE][PASSED] - Browser is closed]]></system-out>
         <system-err><![CDATA[]]></system-err>
      </testcase>
      <system-out><![CDATA[01-08-2024T18:03:30 - [TEST_SUITE][PASSED] - TS-5-demoqa-1: Test Cases/TC-06-ultimateqa-price/main]]></system-out>
      <system-err><![CDATA[]]></system-err>
   </testsuite>
</testsuites>
