<?xml version="1.0" encoding="UTF-8"?>
<testsuites name="TS-9-globalsqa-1" time="161.082" tests="2" failures="0" errors="0">
   <testsuite name="TS-9-globalsqa-1" tests="2" failures="0" errors="0" time="161.082" skipped="0" timestamp="05-08-2024T20:00:31" hostname="10685520 - 7Z54S93" id="Test Suites/TS-9-globalsqa-1">
      <properties>
         <property name="deviceName" value=""/>
         <property name="devicePlatform"/>
         <property name="logFolder" value="C:\\Users\\10685520\\OneDrive - LTIMindtree\\KT\\Katalon Studio\\SampleWebTest1\\Reports\\20240805_200016\\TS-9-globalsqa-1\\20240805_200016"/>
         <property name="logFiles" value="C:\\Users\\10685520\\OneDrive - LTIMindtree\\KT\\Katalon Studio\\SampleWebTest1\\Reports\\20240805_200016\\TS-9-globalsqa-1\\20240805_200016\\execution0.log"/>
         <property name="attachments" value=""/>
         <property name="hostName" value="10685520 - 7Z54S93"/>
         <property name="os" value="Windows 11 64bit"/>
         <property name="katalonVersion" value="9.6.0.217"/>
         <property name="browser" value="Chrome 127.0.0.0"/>
         <property name="hostAddress" value="192.168.1.8"/>
         <property name="sessionId" value="c06de9b17153b41436f7a7f1b0b31d2f"/>
         <property name="seleniumVersion" value="3.141.59"/>
         <property name="proxyInformation" value="ProxyInformation { proxyOption=NO_PROXY, proxyServerType=HTTP, username=, password=********, proxyServerAddress=, proxyServerPort=0, executionList=&quot;&quot;, isApplyToDesiredCapabilities=true }"/>
         <property name="platform" value="Windows 11"/>
      </properties>
      <testcase name="Test Cases/TC-24-globalsqa-banking" time="14.053" classname="Test Cases/TC-24-globalsqa-banking" status="PASSED">
         <system-out><![CDATA[05-08-2024T20:00:32 - [TEST_CASE][PASSED] - Test Cases/TC-24-globalsqa-banking: Test Cases/TC-24-globalsqa-banking

05-08-2024T20:00:33 - [TEST_STEP][PASSED] - openBrowser(""): Browser is opened with url: ''

05-08-2024T20:00:33 - [MESSAGE][INFO] - Starting 'Chrome (headless)' driver

05-08-2024T20:00:34 - [MESSAGE][INFO] - Action delay is set to 0 milliseconds

05-08-2024T20:00:37 - [MESSAGE][PASSED] - Browser is opened with url: ''

05-08-2024T20:00:37 - [TEST_STEP][PASSED] - navigateToUrl("https://www.globalsqa.com/angularJs-protractor/BankingProject/#/login"): Navigate to 'https://www.globalsqa.com/angularJs-protractor/BankingProject/#/login' successfully

05-08-2024T20:00:39 - [MESSAGE][PASSED] - Navigate to 'https://www.globalsqa.com/angularJs-protractor/BankingProject/#/login' successfully

05-08-2024T20:00:39 - [TEST_STEP][PASSED] - click(findTestObject("Object Repository/TC-24/Page_XYZ Bank/button_Customer Login")): Object: 'Object Repository/TC-24/Page_XYZ Bank/button_Customer Login' is clicked on

05-08-2024T20:00:41 - [MESSAGE][PASSED] - Object: 'Object Repository/TC-24/Page_XYZ Bank/button_Customer Login' is clicked on

05-08-2024T20:00:41 - [TEST_STEP][PASSED] - selectOptionByValue(findTestObject("Object Repository/TC-24/Page_XYZ Bank/select_---Your Name---       Hermoine Grang_6e895b"), "1", true): All options with value '1' are selected in object 'Object Repository/TC-24/Page_XYZ Bank/select_---Your Name---       Hermoine Grang_6e895b'  using regular expression

05-08-2024T20:00:43 - [MESSAGE][PASSED] - All options with value '1' are selected in object 'Object Repository/TC-24/Page_XYZ Bank/select_---Your Name---       Hermoine Grang_6e895b'  using regular expression

05-08-2024T20:00:43 - [TEST_STEP][PASSED] - click(findTestObject("Object Repository/TC-24/Page_XYZ Bank/button_Login")): Object: 'Object Repository/TC-24/Page_XYZ Bank/button_Login' is clicked on

05-08-2024T20:00:43 - [MESSAGE][PASSED] - Object: 'Object Repository/TC-24/Page_XYZ Bank/button_Login' is clicked on

05-08-2024T20:00:43 - [TEST_STEP][PASSED] - click(findTestObject("Object Repository/TC-24/Page_XYZ Bank/button_Transactions")): Object: 'Object Repository/TC-24/Page_XYZ Bank/button_Transactions' is clicked on

05-08-2024T20:00:44 - [MESSAGE][PASSED] - Object: 'Object Repository/TC-24/Page_XYZ Bank/button_Transactions' is clicked on

05-08-2024T20:00:44 - [TEST_STEP][PASSED] - verifyElementText(findTestObject("Object Repository/TC-24/Page_XYZ Bank/td_30"), "30"): Actual text and expected text of test object 'Object Repository/TC-24/Page_XYZ Bank/td_30' are matched.

05-08-2024T20:00:45 - [MESSAGE][PASSED] - Actual text and expected text of test object 'Object Repository/TC-24/Page_XYZ Bank/td_30' are matched.

05-08-2024T20:00:45 - [TEST_STEP][PASSED] - click(findTestObject("Object Repository/TC-24/Page_XYZ Bank/button_Logout")): Object: 'Object Repository/TC-24/Page_XYZ Bank/button_Logout' is clicked on

05-08-2024T20:00:45 - [MESSAGE][PASSED] - Object: 'Object Repository/TC-24/Page_XYZ Bank/button_Logout' is clicked on

05-08-2024T20:00:45 - [TEST_STEP][PASSED] - closeBrowser(): Browser is closed

05-08-2024T20:00:46 - [MESSAGE][PASSED] - Browser is closed]]></system-out>
         <system-err><![CDATA[]]></system-err>
      </testcase>
      <testcase name="Test Cases/TC-25-globalsqa-samplepagetest" time="146.686" classname="Test Cases/TC-25-globalsqa-samplepagetest" status="PASSED">
         <system-out><![CDATA[05-08-2024T20:00:46 - [TEST_CASE][PASSED] - Test Cases/TC-25-globalsqa-samplepagetest: Test Cases/TC-25-globalsqa-samplepagetest

05-08-2024T20:00:46 - [TEST_STEP][PASSED] - openBrowser(""): Browser is opened with url: ''

05-08-2024T20:00:46 - [MESSAGE][INFO] - Starting 'Chrome (headless)' driver

05-08-2024T20:00:47 - [MESSAGE][INFO] - Action delay is set to 0 milliseconds

05-08-2024T20:00:49 - [MESSAGE][PASSED] - Browser is opened with url: ''

05-08-2024T20:00:49 - [TEST_STEP][PASSED] - navigateToUrl("https://www.globalsqa.com/samplepagetest/"): Navigate to 'https://www.globalsqa.com/samplepagetest/' successfully

05-08-2024T20:00:50 - [MESSAGE][PASSED] - Navigate to 'https://www.globalsqa.com/samplepagetest/' successfully

05-08-2024T20:00:50 - [TEST_STEP][PASSED] - namedata = sample1.enterdata("name"): null

05-08-2024T20:00:50 - [TEST_STEP][PASSED] - setText(findTestObject("Object Repository/TC-25/Page_Sample Page Test - GlobalSQA/input_(required)_g2599-name"), namedata): Text 'dom' is set on object 'Object Repository/TC-25/Page_Sample Page Test - GlobalSQA/input_(required)_g2599-name'

05-08-2024T20:00:53 - [MESSAGE][PASSED] - Text 'dom' is set on object 'Object Repository/TC-25/Page_Sample Page Test - GlobalSQA/input_(required)_g2599-name'

05-08-2024T20:00:53 - [TEST_STEP][PASSED] - setText(findTestObject("Object Repository/TC-25/Page_Sample Page Test - GlobalSQA/input_(required)_g2599-email"), "sil@as.com"): Text 'sil@as.com' is set on object 'Object Repository/TC-25/Page_Sample Page Test - GlobalSQA/input_(required)_g2599-email'

05-08-2024T20:02:51 - [MESSAGE][PASSED] - Text 'sil@as.com' is set on object 'Object Repository/TC-25/Page_Sample Page Test - GlobalSQA/input_(required)_g2599-email'

05-08-2024T20:02:51 - [TEST_STEP][PASSED] - selectOptionByValue(findTestObject("Object Repository/TC-25/Page_Sample Page Test - GlobalSQA/select_0-11-33-55-77-1010"), "1-3", true): All options with value '1-3' are selected in object 'Object Repository/TC-25/Page_Sample Page Test - GlobalSQA/select_0-11-33-55-77-1010'  using regular expression

05-08-2024T20:02:53 - [MESSAGE][PASSED] - All options with value '1-3' are selected in object 'Object Repository/TC-25/Page_Sample Page Test - GlobalSQA/select_0-11-33-55-77-1010'  using regular expression

05-08-2024T20:02:53 - [TEST_STEP][PASSED] - click(findTestObject("Object Repository/TC-25/Page_Sample Page Test - GlobalSQA/input_Automation Testing_g2599-expertise")): Object: 'Object Repository/TC-25/Page_Sample Page Test - GlobalSQA/input_Automation Testing_g2599-expertise' is clicked on

05-08-2024T20:02:55 - [MESSAGE][PASSED] - Object: 'Object Repository/TC-25/Page_Sample Page Test - GlobalSQA/input_Automation Testing_g2599-expertise' is clicked on

05-08-2024T20:02:55 - [TEST_STEP][PASSED] - click(findTestObject("Object Repository/TC-25/Page_Sample Page Test - GlobalSQA/input_Automation Testing_g2599-expertise")): Object: 'Object Repository/TC-25/Page_Sample Page Test - GlobalSQA/input_Automation Testing_g2599-expertise' is clicked on

05-08-2024T20:02:56 - [MESSAGE][PASSED] - Object: 'Object Repository/TC-25/Page_Sample Page Test - GlobalSQA/input_Automation Testing_g2599-expertise' is clicked on

05-08-2024T20:02:56 - [TEST_STEP][PASSED] - click(findTestObject("Object Repository/TC-25/Page_Sample Page Test - GlobalSQA/label_Graduate")): Object: 'Object Repository/TC-25/Page_Sample Page Test - GlobalSQA/label_Graduate' is clicked on

05-08-2024T20:02:57 - [MESSAGE][PASSED] - Object: 'Object Repository/TC-25/Page_Sample Page Test - GlobalSQA/label_Graduate' is clicked on

05-08-2024T20:02:57 - [TEST_STEP][PASSED] - click(findTestObject("Object Repository/TC-25/Page_Sample Page Test - GlobalSQA/button_Alert Box  Click Here")): Object: 'Object Repository/TC-25/Page_Sample Page Test - GlobalSQA/button_Alert Box  Click Here' is clicked on

05-08-2024T20:02:58 - [MESSAGE][PASSED] - Object: 'Object Repository/TC-25/Page_Sample Page Test - GlobalSQA/button_Alert Box  Click Here' is clicked on

05-08-2024T20:02:58 - [TEST_STEP][PASSED] - setText(findTestObject("Object Repository/TC-25/Page_Sample Page Test - GlobalSQA/textarea_(required)_g2599-comment"), "hello"): Text 'hello' is set on object 'Object Repository/TC-25/Page_Sample Page Test - GlobalSQA/textarea_(required)_g2599-comment'

05-08-2024T20:02:58 - [MESSAGE][WARNING] - [SELF-HEALING] Failed to find element with id 'Object Repository/TC-25/Page_Sample Page Test - GlobalSQA/textarea_(required)_g2599-comment'. Try using Self-healing.

05-08-2024T20:03:00 - [MESSAGE][INFO] - [SELF-HEALING] Working Locator: '//textarea[@id='contact-form-comment-g2599-comment']'.

05-08-2024T20:03:01 - [MESSAGE][INFO] - [SELF-HEALING] Screenshot: C:/Users/10685520/OneDrive - LTIMindtree/KT/Katalon Studio/SampleWebTest1/Reports/Self-healing/Object Repository/TC-25/Page_Sample Page Test - GlobalSQA/textarea_(required)_g2599-comment_attributes.png

05-08-2024T20:03:01 - [MESSAGE][WARNING] - [SELF-HEALING] The current locator of test object 'Object Repository/TC-25/Page_Sample Page Test - GlobalSQA/textarea_(required)_g2599-comment' was broken. Propose an alternative one: '//textarea[@id='contact-form-comment-g2599-comment']'.

05-08-2024T20:03:02 - [MESSAGE][PASSED] - Text 'hello' is set on object 'Object Repository/TC-25/Page_Sample Page Test - GlobalSQA/textarea_(required)_g2599-comment'

05-08-2024T20:03:02 - [TEST_STEP][PASSED] - click(findTestObject("Object Repository/TC-25/Page_Sample Page Test - GlobalSQA/button_Submit")): Object: 'Object Repository/TC-25/Page_Sample Page Test - GlobalSQA/button_Submit' is clicked on

05-08-2024T20:03:12 - [MESSAGE][PASSED] - Object: 'Object Repository/TC-25/Page_Sample Page Test - GlobalSQA/button_Submit' is clicked on

05-08-2024T20:03:12 - [TEST_STEP][PASSED] - closeBrowser(STOP_ON_FAILURE): Browser is closed

05-08-2024T20:03:12 - [MESSAGE][PASSED] - Browser is closed]]></system-out>
         <system-err><![CDATA[]]></system-err>
      </testcase>
      <system-out><![CDATA[05-08-2024T20:00:31 - [TEST_SUITE][PASSED] - TS-9-globalsqa-1: Test Cases/TC-25-globalsqa-samplepagetest]]></system-out>
      <system-err><![CDATA[]]></system-err>
   </testsuite>
</testsuites>
