<?xml version="1.0" encoding="UTF-8"?>
<testsuites name="TS-7-prac-auto" time="48.129" tests="2" failures="0" errors="0">
   <testsuite name="TS-7-prac-auto" tests="2" failures="0" errors="0" time="48.129" skipped="0" timestamp="05-08-2024T19:59:49" hostname="10685520 - 7Z54S93" id="Test Suites/TS-7-prac-auto">
      <properties>
         <property name="deviceName" value=""/>
         <property name="devicePlatform"/>
         <property name="logFolder" value="C:\\Users\\10685520\\OneDrive - LTIMindtree\\KT\\Katalon Studio\\SampleWebTest1\\Reports\\20240805_195938\\TS-7-prac-auto\\20240805_195938"/>
         <property name="logFiles" value="C:\\Users\\10685520\\OneDrive - LTIMindtree\\KT\\Katalon Studio\\SampleWebTest1\\Reports\\20240805_195938\\TS-7-prac-auto\\20240805_195938\\execution0.log"/>
         <property name="attachments" value=""/>
         <property name="hostName" value="10685520 - 7Z54S93"/>
         <property name="os" value="Windows 11 64bit"/>
         <property name="katalonVersion" value="9.6.0.217"/>
         <property name="browser" value="Chrome 127.0.0.0"/>
         <property name="hostAddress" value="192.168.1.8"/>
         <property name="sessionId" value="bebe04b02492ac486b0341e2067ee28f"/>
         <property name="seleniumVersion" value="3.141.59"/>
         <property name="proxyInformation" value="ProxyInformation { proxyOption=NO_PROXY, proxyServerType=HTTP, username=, password=********, proxyServerAddress=, proxyServerPort=0, executionList=&quot;&quot;, isApplyToDesiredCapabilities=true }"/>
         <property name="platform" value="Windows 11"/>
      </properties>
      <testcase name="Test Cases/TC-22-prac-auto-form" time="38.419" classname="Test Cases/TC-22-prac-auto-form" status="PASSED">
         <system-out><![CDATA[05-08-2024T19:59:49 - [TEST_CASE][PASSED] - Test Cases/TC-22-prac-auto-form: Test Cases/TC-22-prac-auto-form

05-08-2024T19:59:50 - [TEST_STEP][PASSED] - openBrowser(""): Browser is opened with url: ''

05-08-2024T19:59:50 - [MESSAGE][INFO] - Starting 'Chrome (headless)' driver

05-08-2024T19:59:50 - [MESSAGE][INFO] - Action delay is set to 0 milliseconds

05-08-2024T19:59:53 - [MESSAGE][PASSED] - Browser is opened with url: ''

05-08-2024T19:59:53 - [TEST_STEP][PASSED] - navigateToUrl("https://practice-automation.com/form-fields/"): Navigate to 'https://practice-automation.com/form-fields/' successfully

05-08-2024T19:59:56 - [MESSAGE][PASSED] - Navigate to 'https://practice-automation.com/form-fields/' successfully

05-08-2024T19:59:56 - [TEST_STEP][PASSED] - click(findTestObject("Object Repository/TC-22/Page_Form Fields  Practice Automation/p_Required")): Object: 'Object Repository/TC-22/Page_Form Fields  Practice Automation/p_Required' is clicked on

05-08-2024T19:59:57 - [MESSAGE][PASSED] - Object: 'Object Repository/TC-22/Page_Form Fields  Practice Automation/p_Required' is clicked on

05-08-2024T19:59:57 - [TEST_STEP][PASSED] - setText(findTestObject("Object Repository/TC-22/Page_Form Fields  Practice Automation/input_Name_name-input"), "dom"): Text 'dom' is set on object 'Object Repository/TC-22/Page_Form Fields  Practice Automation/input_Name_name-input'

05-08-2024T19:59:58 - [MESSAGE][PASSED] - Text 'dom' is set on object 'Object Repository/TC-22/Page_Form Fields  Practice Automation/input_Name_name-input'

05-08-2024T19:59:58 - [TEST_STEP][PASSED] - setEncryptedText(findTestObject("Object Repository/TC-22/Page_Form Fields  Practice Automation/input_password"), "0FrbqWz3kIQ="): Text ****** has been set on object 'Object Repository/TC-22/Page_Form Fields  Practice Automation/input_password'

05-08-2024T19:59:59 - [MESSAGE][PASSED] - Text ****** has been set on object 'Object Repository/TC-22/Page_Form Fields  Practice Automation/input_password'

05-08-2024T19:59:59 - [TEST_STEP][PASSED] - scrollToElement(findTestObject("Object Repository/TC-22/Page_Form Fields  Practice Automation/label_Water"), 0): Scroll to object 'Object Repository/TC-22/Page_Form Fields  Practice Automation/label_Water' successfully

05-08-2024T19:59:59 - [MESSAGE][WARNING] - Timeout '0' is invalid. Using default page load timeout: '30'

05-08-2024T19:59:59 - [MESSAGE][PASSED] - Scroll to object 'Object Repository/TC-22/Page_Form Fields  Practice Automation/label_Water' successfully

05-08-2024T19:59:59 - [TEST_STEP][PASSED] - click(findTestObject("Object Repository/TC-22/Page_Form Fields  Practice Automation/label_Water")): Object: 'Object Repository/TC-22/Page_Form Fields  Practice Automation/label_Water' is clicked on

05-08-2024T20:00:00 - [MESSAGE][PASSED] - Object: 'Object Repository/TC-22/Page_Form Fields  Practice Automation/label_Water' is clicked on

05-08-2024T20:00:00 - [TEST_STEP][PASSED] - click(findTestObject("Object Repository/TC-22/Page_Form Fields  Practice Automation/label_Milk")): Object: 'Object Repository/TC-22/Page_Form Fields  Practice Automation/label_Milk' is clicked on

05-08-2024T20:00:00 - [MESSAGE][PASSED] - Object: 'Object Repository/TC-22/Page_Form Fields  Practice Automation/label_Milk' is clicked on

05-08-2024T20:00:00 - [TEST_STEP][PASSED] - click(findTestObject("Object Repository/TC-22/Page_Form Fields  Practice Automation/label_Green")): Object: 'Object Repository/TC-22/Page_Form Fields  Practice Automation/label_Green' is clicked on

05-08-2024T20:00:00 - [MESSAGE][PASSED] - Object: 'Object Repository/TC-22/Page_Form Fields  Practice Automation/label_Green' is clicked on

05-08-2024T20:00:00 - [TEST_STEP][PASSED] - selectOptionByValue(findTestObject("Object Repository/TC-22/Page_Form Fields  Practice Automation/select_Yes  No  Undecided"), "yes", true): All options with value 'yes' are selected in object 'Object Repository/TC-22/Page_Form Fields  Practice Automation/select_Yes  No  Undecided'  using regular expression

05-08-2024T20:00:02 - [MESSAGE][PASSED] - All options with value 'yes' are selected in object 'Object Repository/TC-22/Page_Form Fields  Practice Automation/select_Yes  No  Undecided'  using regular expression

05-08-2024T20:00:02 - [TEST_STEP][PASSED] - click(findTestObject("Object Repository/TC-22/Page_Form Fields  Practice Automation/li_Katalon Studio")): Object: 'Object Repository/TC-22/Page_Form Fields  Practice Automation/li_Katalon Studio' is clicked on

05-08-2024T20:00:20 - [MESSAGE][PASSED] - Object: 'Object Repository/TC-22/Page_Form Fields  Practice Automation/li_Katalon Studio' is clicked on

05-08-2024T20:00:20 - [TEST_STEP][PASSED] - setText(findTestObject("Object Repository/TC-22/Page_Form Fields  Practice Automation/input_Email_email"), "dsil@gmail.com"): Text 'dsil@gmail.com' is set on object 'Object Repository/TC-22/Page_Form Fields  Practice Automation/input_Email_email'

05-08-2024T20:00:22 - [MESSAGE][PASSED] - Text 'dsil@gmail.com' is set on object 'Object Repository/TC-22/Page_Form Fields  Practice Automation/input_Email_email'

05-08-2024T20:00:22 - [TEST_STEP][PASSED] - setText(findTestObject("Object Repository/TC-22/Page_Form Fields  Practice Automation/textarea_Message_message"), "Hello"): Text 'Hello' is set on object 'Object Repository/TC-22/Page_Form Fields  Practice Automation/textarea_Message_message'

05-08-2024T20:00:25 - [MESSAGE][PASSED] - Text 'Hello' is set on object 'Object Repository/TC-22/Page_Form Fields  Practice Automation/textarea_Message_message'

05-08-2024T20:00:25 - [TEST_STEP][PASSED] - scrollToElement(findTestObject("Object Repository/TC-22/Page_Form Fields  Practice Automation/button_Submit"), 0): Scroll to object 'Object Repository/TC-22/Page_Form Fields  Practice Automation/button_Submit' successfully

05-08-2024T20:00:25 - [MESSAGE][WARNING] - Timeout '0' is invalid. Using default page load timeout: '30'

05-08-2024T20:00:26 - [MESSAGE][PASSED] - Scroll to object 'Object Repository/TC-22/Page_Form Fields  Practice Automation/button_Submit' successfully

05-08-2024T20:00:26 - [TEST_STEP][PASSED] - click(findTestObject("Object Repository/TC-22/Page_Form Fields  Practice Automation/button_Submit")): Object: 'Object Repository/TC-22/Page_Form Fields  Practice Automation/button_Submit' is clicked on

05-08-2024T20:00:26 - [MESSAGE][PASSED] - Object: 'Object Repository/TC-22/Page_Form Fields  Practice Automation/button_Submit' is clicked on

05-08-2024T20:00:26 - [TEST_STEP][PASSED] - closeBrowser(): Browser is closed

05-08-2024T20:00:28 - [MESSAGE][PASSED] - Browser is closed]]></system-out>
         <system-err><![CDATA[]]></system-err>
      </testcase>
      <testcase name="Test Cases/TC-23-prac-auto-slider" time="9.452" classname="Test Cases/TC-23-prac-auto-slider" status="PASSED">
         <system-out><![CDATA[05-08-2024T20:00:28 - [TEST_CASE][PASSED] - Test Cases/TC-23-prac-auto-slider: Test Cases/TC-23-prac-auto-slider

05-08-2024T20:00:28 - [TEST_STEP][PASSED] - openBrowser(""): Browser is opened with url: ''

05-08-2024T20:00:28 - [MESSAGE][INFO] - Starting 'Chrome (headless)' driver

05-08-2024T20:00:28 - [MESSAGE][INFO] - Action delay is set to 0 milliseconds

05-08-2024T20:00:30 - [MESSAGE][PASSED] - Browser is opened with url: ''

05-08-2024T20:00:30 - [TEST_STEP][PASSED] - navigateToUrl("https://practice-automation.com/tables/"): Navigate to 'https://practice-automation.com/tables/' successfully

05-08-2024T20:00:34 - [MESSAGE][PASSED] - Navigate to 'https://practice-automation.com/tables/' successfully

05-08-2024T20:00:34 - [TEST_STEP][PASSED] - setText(findTestObject("Object Repository/TC-23/Page_Tables  Practice Automation/input_search"), "india"): Text 'india' is set on object 'Object Repository/TC-23/Page_Tables  Practice Automation/input_search'

05-08-2024T20:00:36 - [MESSAGE][PASSED] - Text 'india' is set on object 'Object Repository/TC-23/Page_Tables  Practice Automation/input_search'

05-08-2024T20:00:36 - [TEST_STEP][PASSED] - verifyElementText(findTestObject("TC-23/Page_Tables  Practice Automation/td_1,429"), "1,429"): Actual text and expected text of test object 'Object Repository/TC-23/Page_Tables  Practice Automation/td_1,429' are matched.

05-08-2024T20:00:36 - [MESSAGE][PASSED] - Actual text and expected text of test object 'Object Repository/TC-23/Page_Tables  Practice Automation/td_1,429' are matched.

05-08-2024T20:00:36 - [TEST_STEP][PASSED] - closeBrowser(): Browser is closed

05-08-2024T20:00:37 - [MESSAGE][PASSED] - Browser is closed]]></system-out>
         <system-err><![CDATA[]]></system-err>
      </testcase>
      <system-out><![CDATA[05-08-2024T19:59:49 - [TEST_SUITE][PASSED] - TS-7-prac-auto: Test Cases/TC-23-prac-auto-slider]]></system-out>
      <system-err><![CDATA[]]></system-err>
   </testsuite>
</testsuites>
