<?xml version="1.0" encoding="UTF-8"?>
<testsuites name="TS-2-forms1" time="65.076" tests="2" failures="0" errors="0">
   <testsuite name="TS-2-forms1" tests="2" failures="0" errors="0" time="65.076" skipped="0" timestamp="01-08-2024T17:42:36" hostname="10685520 - 7Z54S93" id="Test Suites/TS-2-forms1">
      <properties>
         <property name="deviceName" value=""/>
         <property name="devicePlatform"/>
         <property name="logFolder" value="C:\\Users\\10685520\\OneDrive - LTIMindtree\\KT\\Katalon Studio\\SampleWebTest1\\Reports\\20240801_174224\\TS-2-forms1\\20240801_174225"/>
         <property name="logFiles" value="C:\\Users\\10685520\\OneDrive - LTIMindtree\\KT\\Katalon Studio\\SampleWebTest1\\Reports\\20240801_174224\\TS-2-forms1\\20240801_174225\\execution0.log"/>
         <property name="attachments" value=""/>
         <property name="hostName" value="10685520 - 7Z54S93"/>
         <property name="os" value="Windows 11 64bit"/>
         <property name="katalonVersion" value="9.6.0.217"/>
         <property name="browser" value="Chrome 127.0.0.0"/>
         <property name="hostAddress" value="192.168.1.9"/>
         <property name="sessionId" value="a0211c8279ed9492b3bce79d251d608c"/>
         <property name="seleniumVersion" value="3.141.59"/>
         <property name="proxyInformation" value="ProxyInformation { proxyOption=NO_PROXY, proxyServerType=HTTP, username=, password=********, proxyServerAddress=, proxyServerPort=0, executionList=&quot;&quot;, isApplyToDesiredCapabilities=true }"/>
         <property name="platform" value="Windows 11"/>
      </properties>
      <testcase name="Test Cases/TC-03-automationtesting/Register" time="54.037" classname="Test Cases/TC-03-automationtesting/Register" status="PASSED">
         <system-out><![CDATA[01-08-2024T17:42:36 - [TEST_CASE][PASSED] - Test Cases/TC-03-automationtesting/Register: Test Cases/TC-03-automationtesting/Register

01-08-2024T17:42:36 - [TEST_STEP][PASSED] - openBrowser(""): Browser is opened with url: ''

01-08-2024T17:42:37 - [MESSAGE][INFO] - Starting 'Chrome' driver

01-08-2024T17:42:37 - [MESSAGE][INFO] - Action delay is set to 0 milliseconds

01-08-2024T17:42:39 - [MESSAGE][PASSED] - Browser is opened with url: ''

01-08-2024T17:42:39 - [TEST_STEP][PASSED] - navigateToUrl("https://demo.automationtesting.in/Register.html"): Navigate to 'https://demo.automationtesting.in/Register.html' successfully

01-08-2024T17:42:43 - [MESSAGE][PASSED] - Navigate to 'https://demo.automationtesting.in/Register.html' successfully

01-08-2024T17:42:43 - [TEST_STEP][PASSED] - setText(findTestObject("Object Repository/TC-03/Page_Register/input_Full Name_form-control ng-pristine ng_10dee7"), "Dom"): Text 'Dom' is set on object 'Object Repository/TC-03/Page_Register/input_Full Name_form-control ng-pristine ng_10dee7'

01-08-2024T17:43:15 - [MESSAGE][PASSED] - Text 'Dom' is set on object 'Object Repository/TC-03/Page_Register/input_Full Name_form-control ng-pristine ng_10dee7'

01-08-2024T17:43:15 - [TEST_STEP][PASSED] - setText(findTestObject("Object Repository/TC-03/Page_Register/input_Full Name_form-control ng-untouched n_438cb8"), "Sil"): Text 'Sil' is set on object 'Object Repository/TC-03/Page_Register/input_Full Name_form-control ng-untouched n_438cb8'

01-08-2024T17:43:15 - [MESSAGE][PASSED] - Text 'Sil' is set on object 'Object Repository/TC-03/Page_Register/input_Full Name_form-control ng-untouched n_438cb8'

01-08-2024T17:43:15 - [TEST_STEP][PASSED] - setText(findTestObject("Object Repository/TC-03/Page_Register/textarea_Address_form-control ng-untouched _b1abf7"), "Nav CHS"): Text 'Nav CHS' is set on object 'Object Repository/TC-03/Page_Register/textarea_Address_form-control ng-untouched _b1abf7'

01-08-2024T17:43:16 - [MESSAGE][PASSED] - Text 'Nav CHS' is set on object 'Object Repository/TC-03/Page_Register/textarea_Address_form-control ng-untouched _b1abf7'

01-08-2024T17:43:16 - [TEST_STEP][PASSED] - setText(findTestObject("Object Repository/TC-03/Page_Register/input_Email address_form-control ng-untouch_b58296"), "dsil@gmail.com"): Text 'dsil@gmail.com' is set on object 'Object Repository/TC-03/Page_Register/input_Email address_form-control ng-untouch_b58296'

01-08-2024T17:43:17 - [MESSAGE][PASSED] - Text 'dsil@gmail.com' is set on object 'Object Repository/TC-03/Page_Register/input_Email address_form-control ng-untouch_b58296'

01-08-2024T17:43:17 - [TEST_STEP][PASSED] - setText(findTestObject("Object Repository/TC-03/Page_Register/input_Phone_form-control ng-untouched ng-in_c98163"), "9876543210"): Text '9876543210' is set on object 'Object Repository/TC-03/Page_Register/input_Phone_form-control ng-untouched ng-in_c98163'

01-08-2024T17:43:17 - [MESSAGE][PASSED] - Text '9876543210' is set on object 'Object Repository/TC-03/Page_Register/input_Phone_form-control ng-untouched ng-in_c98163'

01-08-2024T17:43:17 - [TEST_STEP][PASSED] - click(findTestObject("Object Repository/TC-03/Page_Register/label_Male")): Object: 'Object Repository/TC-03/Page_Register/label_Male' is clicked on

01-08-2024T17:43:18 - [MESSAGE][PASSED] - Object: 'Object Repository/TC-03/Page_Register/label_Male' is clicked on

01-08-2024T17:43:18 - [TEST_STEP][PASSED] - click(findTestObject("Object Repository/TC-03/Page_Register/input_Hobbies_checkbox1")): Object: 'Object Repository/TC-03/Page_Register/input_Hobbies_checkbox1' is clicked on

01-08-2024T17:43:18 - [MESSAGE][PASSED] - Object: 'Object Repository/TC-03/Page_Register/input_Hobbies_checkbox1' is clicked on

01-08-2024T17:43:18 - [TEST_STEP][PASSED] - click(findTestObject("Object Repository/TC-03/Page_Register/input_Hobbies_checkbox1")): Object: 'Object Repository/TC-03/Page_Register/input_Hobbies_checkbox1' is clicked on

01-08-2024T17:43:18 - [MESSAGE][PASSED] - Object: 'Object Repository/TC-03/Page_Register/input_Hobbies_checkbox1' is clicked on

01-08-2024T17:43:18 - [TEST_STEP][PASSED] - click(findTestObject("Object Repository/TC-03/Page_Register/input_Cricket_checkbox2")): Object: 'Object Repository/TC-03/Page_Register/input_Cricket_checkbox2' is clicked on

01-08-2024T17:43:19 - [MESSAGE][PASSED] - Object: 'Object Repository/TC-03/Page_Register/input_Cricket_checkbox2' is clicked on

01-08-2024T17:43:19 - [TEST_STEP][PASSED] - click(findTestObject("Object Repository/TC-03/Page_Register/div_Languages_msdd")): Object: 'Object Repository/TC-03/Page_Register/div_Languages_msdd' is clicked on

01-08-2024T17:43:19 - [MESSAGE][PASSED] - Object: 'Object Repository/TC-03/Page_Register/div_Languages_msdd' is clicked on

01-08-2024T17:43:19 - [TEST_STEP][PASSED] - click(findTestObject("Object Repository/TC-03/Page_Register/div_Languages_msdd")): Object: 'Object Repository/TC-03/Page_Register/div_Languages_msdd' is clicked on

01-08-2024T17:43:19 - [MESSAGE][PASSED] - Object: 'Object Repository/TC-03/Page_Register/div_Languages_msdd' is clicked on

01-08-2024T17:43:19 - [TEST_STEP][PASSED] - click(findTestObject("Object Repository/TC-03/Page_Register/li_English")): Object: 'Object Repository/TC-03/Page_Register/li_English' is clicked on

01-08-2024T17:43:20 - [MESSAGE][PASSED] - Object: 'Object Repository/TC-03/Page_Register/li_English' is clicked on

01-08-2024T17:43:20 - [TEST_STEP][PASSED] - selectOptionByValue(findTestObject("Object Repository/TC-03/Page_Register/select_Select Skills                       _fcf818"), "C++", true): All options with value 'C++' are selected in object 'Object Repository/TC-03/Page_Register/select_Select Skills                       _fcf818'  using regular expression

01-08-2024T17:43:22 - [MESSAGE][PASSED] - All options with value 'C++' are selected in object 'Object Repository/TC-03/Page_Register/select_Select Skills                       _fcf818'  using regular expression

01-08-2024T17:43:22 - [TEST_STEP][PASSED] - click(findTestObject("Object Repository/TC-03/Page_Register/span_Select Country_select2-selection selec_6e0c3c")): Object: 'Object Repository/TC-03/Page_Register/span_Select Country_select2-selection selec_6e0c3c' is clicked on

01-08-2024T17:43:22 - [MESSAGE][PASSED] - Object: 'Object Repository/TC-03/Page_Register/span_Select Country_select2-selection selec_6e0c3c' is clicked on

01-08-2024T17:43:22 - [TEST_STEP][PASSED] - selectOptionByValue(findTestObject("Object Repository/TC-03/Page_Register/select_year                             191_0e56cb"), year, true): All options with value '1998' are selected in object 'Object Repository/TC-03/Page_Register/select_year                             191_0e56cb'  using regular expression

01-08-2024T17:43:24 - [MESSAGE][PASSED] - All options with value '1998' are selected in object 'Object Repository/TC-03/Page_Register/select_year                             191_0e56cb'  using regular expression

01-08-2024T17:43:24 - [TEST_STEP][PASSED] - selectOptionByValue(findTestObject("Object Repository/TC-03/Page_Register/select_Month                               _920c21"), month, true): All options with value 'October' are selected in object 'Object Repository/TC-03/Page_Register/select_Month                               _920c21'  using regular expression

01-08-2024T17:43:26 - [MESSAGE][PASSED] - All options with value 'October' are selected in object 'Object Repository/TC-03/Page_Register/select_Month                               _920c21'  using regular expression

01-08-2024T17:43:26 - [TEST_STEP][PASSED] - selectOptionByValue(findTestObject("Object Repository/TC-03/Page_Register/select_Day                                 _6d848d"), date, true): All options with value '18' are selected in object 'Object Repository/TC-03/Page_Register/select_Day                                 _6d848d'  using regular expression

01-08-2024T17:43:27 - [MESSAGE][PASSED] - All options with value '18' are selected in object 'Object Repository/TC-03/Page_Register/select_Day                                 _6d848d'  using regular expression

01-08-2024T17:43:27 - [TEST_STEP][PASSED] - setEncryptedText(findTestObject("Object Repository/TC-03/Page_Register/input_Password_firstpassword"), "3Z9vEXbPUsD5eDQOwLR1+w=="): Text ****** has been set on object 'Object Repository/TC-03/Page_Register/input_Password_firstpassword'

01-08-2024T17:43:27 - [MESSAGE][PASSED] - Text ****** has been set on object 'Object Repository/TC-03/Page_Register/input_Password_firstpassword'

01-08-2024T17:43:27 - [TEST_STEP][PASSED] - click(findTestObject("Object Repository/TC-03/Page_Register/form_Full Name                             _47f0eb")): Object: 'Object Repository/TC-03/Page_Register/form_Full Name                             _47f0eb' is clicked on

01-08-2024T17:43:28 - [MESSAGE][PASSED] - Object: 'Object Repository/TC-03/Page_Register/form_Full Name                             _47f0eb' is clicked on

01-08-2024T17:43:28 - [TEST_STEP][PASSED] - setEncryptedText(findTestObject("Object Repository/TC-03/Page_Register/input_Confirm Password_secondpassword"), "3Z9vEXbPUsD5eDQOwLR1+w=="): Text ****** has been set on object 'Object Repository/TC-03/Page_Register/input_Confirm Password_secondpassword'

01-08-2024T17:43:28 - [MESSAGE][PASSED] - Text ****** has been set on object 'Object Repository/TC-03/Page_Register/input_Confirm Password_secondpassword'

01-08-2024T17:43:28 - [TEST_STEP][PASSED] - click(findTestObject("Object Repository/TC-03/Page_Register/button_Submit")): Object: 'Object Repository/TC-03/Page_Register/button_Submit' is clicked on

01-08-2024T17:43:28 - [MESSAGE][PASSED] - Object: 'Object Repository/TC-03/Page_Register/button_Submit' is clicked on

01-08-2024T17:43:28 - [TEST_STEP][PASSED] - click(findTestObject("Object Repository/TC-03/Page_Register/button_Refresh")): Object: 'Object Repository/TC-03/Page_Register/button_Refresh' is clicked on

01-08-2024T17:43:30 - [MESSAGE][PASSED] - Object: 'Object Repository/TC-03/Page_Register/button_Refresh' is clicked on

01-08-2024T17:43:30 - [TEST_STEP][PASSED] - closeBrowser(): Browser is closed

01-08-2024T17:43:30 - [MESSAGE][PASSED] - Browser is closed]]></system-out>
         <system-err><![CDATA[]]></system-err>
      </testcase>
      <testcase name="Test Cases/TC-05-ultimateqa-form/main" time="10.842" classname="Test Cases/TC-05-ultimateqa-form/main" status="PASSED">
         <system-out><![CDATA[01-08-2024T17:43:30 - [TEST_CASE][PASSED] - Test Cases/TC-05-ultimateqa-form/main: Test Cases/TC-05-ultimateqa-form/main

01-08-2024T17:43:30 - [TEST_STEP][PASSED] - openBrowser(""): Browser is opened with url: ''

01-08-2024T17:43:30 - [MESSAGE][INFO] - Starting 'Chrome' driver

01-08-2024T17:43:30 - [MESSAGE][INFO] - Action delay is set to 0 milliseconds

01-08-2024T17:43:31 - [MESSAGE][PASSED] - Browser is opened with url: ''

01-08-2024T17:43:31 - [TEST_STEP][PASSED] - navigateToUrl("https://ultimateqa.com/filling-out-forms/"): Navigate to 'https://ultimateqa.com/filling-out-forms/' successfully

01-08-2024T17:43:37 - [MESSAGE][PASSED] - Navigate to 'https://ultimateqa.com/filling-out-forms/' successfully

01-08-2024T17:43:37 - [TEST_STEP][PASSED] - setText(findTestObject("Object Repository/TC-05/Page_Filling Out Forms - Ultimate QA/input_Name_et_pb_contact_name_0"), "Jam"): Text 'Jam' is set on object 'Object Repository/TC-05/Page_Filling Out Forms - Ultimate QA/input_Name_et_pb_contact_name_0'

01-08-2024T17:43:38 - [MESSAGE][PASSED] - Text 'Jam' is set on object 'Object Repository/TC-05/Page_Filling Out Forms - Ultimate QA/input_Name_et_pb_contact_name_0'

01-08-2024T17:43:38 - [TEST_STEP][PASSED] - setText(findTestObject("Object Repository/TC-05/Page_Filling Out Forms - Ultimate QA/textarea_Message_et_pb_contact_message_0"), "Butter"): Text 'Butter' is set on object 'Object Repository/TC-05/Page_Filling Out Forms - Ultimate QA/textarea_Message_et_pb_contact_message_0'

01-08-2024T17:43:39 - [MESSAGE][PASSED] - Text 'Butter' is set on object 'Object Repository/TC-05/Page_Filling Out Forms - Ultimate QA/textarea_Message_et_pb_contact_message_0'

01-08-2024T17:43:39 - [TEST_STEP][PASSED] - setText(findTestObject("Object Repository/TC-05/Page_Filling Out Forms - Ultimate QA/input_Name_et_pb_contact_name_1"), "Sam"): Text 'Sam' is set on object 'Object Repository/TC-05/Page_Filling Out Forms - Ultimate QA/input_Name_et_pb_contact_name_1'

01-08-2024T17:43:40 - [MESSAGE][PASSED] - Text 'Sam' is set on object 'Object Repository/TC-05/Page_Filling Out Forms - Ultimate QA/input_Name_et_pb_contact_name_1'

01-08-2024T17:43:40 - [TEST_STEP][PASSED] - setText(findTestObject("Object Repository/TC-05/Page_Filling Out Forms - Ultimate QA/textarea_Message_et_pb_contact_message_1"), "Gutt"): Text 'Gutt' is set on object 'Object Repository/TC-05/Page_Filling Out Forms - Ultimate QA/textarea_Message_et_pb_contact_message_1'

01-08-2024T17:43:40 - [MESSAGE][PASSED] - Text 'Gutt' is set on object 'Object Repository/TC-05/Page_Filling Out Forms - Ultimate QA/textarea_Message_et_pb_contact_message_1'

01-08-2024T17:43:40 - [TEST_STEP][PASSED] - click(findTestObject("Object Repository/TC-05/Page_Filling Out Forms - Ultimate QA/button_Submit")): Object: 'Object Repository/TC-05/Page_Filling Out Forms - Ultimate QA/button_Submit' is clicked on

01-08-2024T17:43:41 - [MESSAGE][PASSED] - Object: 'Object Repository/TC-05/Page_Filling Out Forms - Ultimate QA/button_Submit' is clicked on

01-08-2024T17:43:41 - [TEST_STEP][PASSED] - closeBrowser(): Browser is closed

01-08-2024T17:43:41 - [MESSAGE][PASSED] - Browser is closed]]></system-out>
         <system-err><![CDATA[]]></system-err>
      </testcase>
      <system-out><![CDATA[01-08-2024T17:42:36 - [TEST_SUITE][PASSED] - TS-2-forms1: Test Cases/TC-05-ultimateqa-form/main]]></system-out>
      <system-err><![CDATA[]]></system-err>
   </testsuite>
</testsuites>
