<?xml version="1.0" encoding="UTF-8"?>
<testsuites name="TS-1-expandTesting-1" time="25.095" tests="2" failures="0" errors="0">
   <testsuite name="TS-1-expandTesting-1" tests="2" failures="0" errors="0" time="25.095" skipped="0" timestamp="06-08-2024T12:02:32" hostname="10685520 - 7Z54S93" id="Test Suites/TS-1-expandTesting-1">
      <properties>
         <property name="deviceName" value=""/>
         <property name="devicePlatform"/>
         <property name="logFolder" value="C:\\Users\\10685520\\OneDrive - LTIMindtree\\KT\\Katalon Studio\\SampleWebTest1\\Reports\\20240806_120218\\TS-1-expandTesting-1\\20240806_120219"/>
         <property name="logFiles" value="C:\\Users\\10685520\\OneDrive - LTIMindtree\\KT\\Katalon Studio\\SampleWebTest1\\Reports\\20240806_120218\\TS-1-expandTesting-1\\20240806_120219\\execution0.log"/>
         <property name="attachments" value=""/>
         <property name="hostName" value="10685520 - 7Z54S93"/>
         <property name="os" value="Windows 11 64bit"/>
         <property name="katalonVersion" value="9.6.0.217"/>
         <property name="browser" value="Chrome 127.0.0.0"/>
         <property name="hostAddress" value="192.168.1.7"/>
         <property name="sessionId" value="ac294d640078d8ad4220872b3b993cc3"/>
         <property name="seleniumVersion" value="3.141.59"/>
         <property name="proxyInformation" value="ProxyInformation { proxyOption=NO_PROXY, proxyServerType=HTTP, username=, password=********, proxyServerAddress=, proxyServerPort=0, executionList=&quot;&quot;, isApplyToDesiredCapabilities=true }"/>
         <property name="platform" value="Windows 11"/>
      </properties>
      <testcase name="Test Cases/TC-14-expandTesting-pass" time="12.193" classname="Test Cases/TC-14-expandTesting-pass" status="PASSED">
         <system-out><![CDATA[06-08-2024T12:02:33 - [TEST_CASE][PASSED] - Test Cases/TC-14-expandTesting-pass: Test Cases/TC-14-expandTesting-pass

06-08-2024T12:02:33 - [TEST_STEP][PASSED] - openBrowser(""): Browser is opened with url: ''

06-08-2024T12:02:34 - [MESSAGE][INFO] - Starting 'Chrome' driver

06-08-2024T12:02:34 - [MESSAGE][INFO] - Action delay is set to 0 milliseconds

06-08-2024T12:02:37 - [MESSAGE][PASSED] - Browser is opened with url: ''

06-08-2024T12:02:37 - [TEST_STEP][PASSED] - navigateToUrl("https://practice.expandtesting.com/secure-password-checker"): Navigate to 'https://practice.expandtesting.com/secure-password-checker' successfully

06-08-2024T12:02:41 - [MESSAGE][PASSED] - Navigate to 'https://practice.expandtesting.com/secure-password-checker' successfully

06-08-2024T12:02:41 - [TEST_STEP][PASSED] - setText(findTestObject("TC-14/Page_Secure Password Checker page for Automation Testing Practice/input_Password_password"), "Dsil12Dsil"): Text 'Dsil12Dsil' is set on object 'Object Repository/TC-14/Page_Secure Password Checker page for Automation Testing Practice/input_Password_password'

06-08-2024T12:02:43 - [MESSAGE][PASSED] - Text 'Dsil12Dsil' is set on object 'Object Repository/TC-14/Page_Secure Password Checker page for Automation Testing Practice/input_Password_password'

06-08-2024T12:02:43 - [TEST_STEP][PASSED] - verifyElementNotVisible(findTestObject("TC-14/Page_Secure Password Checker page for Automation Testing Practice/li_Must be at least 8 characters long")): Object 'Object Repository/TC-14/Page_Secure Password Checker page for Automation Testing Practice/li_Must be at least 8 characters long' is NOT visible

06-08-2024T12:02:44 - [MESSAGE][PASSED] - Object 'Object Repository/TC-14/Page_Secure Password Checker page for Automation Testing Practice/li_Must be at least 8 characters long' is NOT visible

06-08-2024T12:02:44 - [TEST_STEP][PASSED] - verifyElementNotVisible(findTestObject("TC-14/Page_Secure Password Checker page for Automation Testing Practice/li_Must contain a lowercase letter")): Object 'Object Repository/TC-14/Page_Secure Password Checker page for Automation Testing Practice/li_Must contain a lowercase letter' is NOT visible

06-08-2024T12:02:44 - [MESSAGE][PASSED] - Object 'Object Repository/TC-14/Page_Secure Password Checker page for Automation Testing Practice/li_Must contain a lowercase letter' is NOT visible

06-08-2024T12:02:44 - [TEST_STEP][PASSED] - verifyElementNotVisible(findTestObject("TC-14/Page_Secure Password Checker page for Automation Testing Practice/li_Must contain a number or special character")): Object 'Object Repository/TC-14/Page_Secure Password Checker page for Automation Testing Practice/li_Must contain a number or special character' is NOT visible

06-08-2024T12:02:44 - [MESSAGE][PASSED] - Object 'Object Repository/TC-14/Page_Secure Password Checker page for Automation Testing Practice/li_Must contain a number or special character' is NOT visible

06-08-2024T12:02:44 - [TEST_STEP][PASSED] - verifyElementNotVisible(findTestObject("TC-14/Page_Secure Password Checker page for Automation Testing Practice/li_Must contain an uppercase letter")): Object 'Object Repository/TC-14/Page_Secure Password Checker page for Automation Testing Practice/li_Must contain an uppercase letter' is NOT visible

06-08-2024T12:02:45 - [MESSAGE][PASSED] - Object 'Object Repository/TC-14/Page_Secure Password Checker page for Automation Testing Practice/li_Must contain an uppercase letter' is NOT visible

06-08-2024T12:02:45 - [TEST_STEP][PASSED] - closeBrowser(): Browser is closed

06-08-2024T12:02:45 - [MESSAGE][PASSED] - Browser is closed]]></system-out>
         <system-err><![CDATA[]]></system-err>
      </testcase>
      <testcase name="Test Cases/TC-15-expandTesting-calorie" time="12.534" classname="Test Cases/TC-15-expandTesting-calorie" status="PASSED">
         <system-out><![CDATA[06-08-2024T12:02:45 - [TEST_CASE][PASSED] - Test Cases/TC-15-expandTesting-calorie: Test Cases/TC-15-expandTesting-calorie

06-08-2024T12:02:45 - [TEST_STEP][PASSED] - openBrowser(""): Browser is opened with url: ''

06-08-2024T12:02:45 - [MESSAGE][INFO] - Starting 'Chrome' driver

06-08-2024T12:02:45 - [MESSAGE][INFO] - Action delay is set to 0 milliseconds

06-08-2024T12:02:46 - [MESSAGE][PASSED] - Browser is opened with url: ''

06-08-2024T12:02:46 - [TEST_STEP][PASSED] - navigateToUrl("https://practice.expandtesting.com/tracalorie/"): Navigate to 'https://practice.expandtesting.com/tracalorie/' successfully

06-08-2024T12:02:50 - [MESSAGE][PASSED] - Navigate to 'https://practice.expandtesting.com/tracalorie/' successfully

06-08-2024T12:02:50 - [TEST_STEP][PASSED] - setText(findTestObject("Object Repository/TC-15/Page_Tracalorie  Meal  Calorie Tracker Auto_c8671a/input_Meal_item-name"), "Mango"): Text 'Mango' is set on object 'Object Repository/TC-15/Page_Tracalorie  Meal  Calorie Tracker Auto_c8671a/input_Meal_item-name'

06-08-2024T12:02:54 - [MESSAGE][PASSED] - Text 'Mango' is set on object 'Object Repository/TC-15/Page_Tracalorie  Meal  Calorie Tracker Auto_c8671a/input_Meal_item-name'

06-08-2024T12:02:54 - [TEST_STEP][PASSED] - setText(findTestObject("Object Repository/TC-15/Page_Tracalorie  Meal  Calorie Tracker Auto_c8671a/input_Calories_item-calories"), "4"): Text '4' is set on object 'Object Repository/TC-15/Page_Tracalorie  Meal  Calorie Tracker Auto_c8671a/input_Calories_item-calories'

06-08-2024T12:02:55 - [MESSAGE][PASSED] - Text '4' is set on object 'Object Repository/TC-15/Page_Tracalorie  Meal  Calorie Tracker Auto_c8671a/input_Calories_item-calories'

06-08-2024T12:02:55 - [TEST_STEP][PASSED] - click(findTestObject("Object Repository/TC-15/Page_Tracalorie  Meal  Calorie Tracker Auto_c8671a/button_Add Meal")): Object: 'Object Repository/TC-15/Page_Tracalorie  Meal  Calorie Tracker Auto_c8671a/button_Add Meal' is clicked on

06-08-2024T12:02:55 - [MESSAGE][PASSED] - Object: 'Object Repository/TC-15/Page_Tracalorie  Meal  Calorie Tracker Auto_c8671a/button_Add Meal' is clicked on

06-08-2024T12:02:55 - [TEST_STEP][PASSED] - setText(findTestObject("Object Repository/TC-15/Page_Tracalorie  Meal  Calorie Tracker Auto_c8671a/input_Meal_item-name"), "Chicken"): Text 'Chicken' is set on object 'Object Repository/TC-15/Page_Tracalorie  Meal  Calorie Tracker Auto_c8671a/input_Meal_item-name'

06-08-2024T12:02:56 - [MESSAGE][PASSED] - Text 'Chicken' is set on object 'Object Repository/TC-15/Page_Tracalorie  Meal  Calorie Tracker Auto_c8671a/input_Meal_item-name'

06-08-2024T12:02:56 - [TEST_STEP][PASSED] - setText(findTestObject("Object Repository/TC-15/Page_Tracalorie  Meal  Calorie Tracker Auto_c8671a/input_Calories_item-calories"), "24"): Text '24' is set on object 'Object Repository/TC-15/Page_Tracalorie  Meal  Calorie Tracker Auto_c8671a/input_Calories_item-calories'

06-08-2024T12:02:56 - [MESSAGE][PASSED] - Text '24' is set on object 'Object Repository/TC-15/Page_Tracalorie  Meal  Calorie Tracker Auto_c8671a/input_Calories_item-calories'

06-08-2024T12:02:56 - [TEST_STEP][PASSED] - click(findTestObject("Object Repository/TC-15/Page_Tracalorie  Meal  Calorie Tracker Auto_c8671a/button_Add Meal")): Object: 'Object Repository/TC-15/Page_Tracalorie  Meal  Calorie Tracker Auto_c8671a/button_Add Meal' is clicked on

06-08-2024T12:02:57 - [MESSAGE][PASSED] - Object: 'Object Repository/TC-15/Page_Tracalorie  Meal  Calorie Tracker Auto_c8671a/button_Add Meal' is clicked on

06-08-2024T12:02:57 - [TEST_STEP][PASSED] - verifyElementText(findTestObject("TC-15/Page_Tracalorie  Meal  Calorie Tracker Automation Testing Practice/span_0"), "28"): Actual text and expected text of test object 'Object Repository/TC-15/Page_Tracalorie  Meal  Calorie Tracker Automation Testing Practice/span_0' are matched.

06-08-2024T12:02:57 - [MESSAGE][PASSED] - Actual text and expected text of test object 'Object Repository/TC-15/Page_Tracalorie  Meal  Calorie Tracker Automation Testing Practice/span_0' are matched.

06-08-2024T12:02:57 - [TEST_STEP][PASSED] - closeBrowser(): Browser is closed

06-08-2024T12:02:57 - [MESSAGE][PASSED] - Browser is closed]]></system-out>
         <system-err><![CDATA[]]></system-err>
      </testcase>
      <system-out><![CDATA[06-08-2024T12:02:32 - [TEST_SUITE][PASSED] - TS-1-expandTesting-1: Test Cases/TC-15-expandTesting-calorie]]></system-out>
      <system-err><![CDATA[]]></system-err>
   </testsuite>
</testsuites>
